\BOOKMARK [1][-]{section.1}{\376\377\000E\000X\000E\000C\000U\000T\000I\000V\000E\000\040\000S\000U\000M\000M\000A\000R\000Y}{}% 1
\BOOKMARK [1][-]{section.2}{\376\377\000I\000N\000T\000R\000O\000D\000U\000C\000T\000I\000O\000N\000\040\000A\000N\000D\000\040\000B\000A\000C\000K\000G\000R\000O\000U\000N\000D}{}% 2
\BOOKMARK [1][-]{section.3}{\376\377\000S\000C\000O\000P\000E}{}% 3
\BOOKMARK [2][-]{subsection.3.1}{\376\377\000E\000x\000c\000e\000p\000t\000i\000o\000n\000s}{section.3}% 4
\BOOKMARK [2][-]{subsection.3.2}{\376\377\000E\000x\000c\000l\000u\000s\000i\000o\000n\000s}{section.3}% 5
\BOOKMARK [1][-]{section.4}{\376\377\000S\000T\000R\000U\000C\000T\000U\000R\000E\000\040\000O\000F\000\040\000T\000H\000E\000\040\000D\000O\000C\000U\000M\000E\000N\000T}{}% 6
\BOOKMARK [1][-]{section.5}{\376\377\000M\000E\000T\000H\000O\000D\000O\000L\000O\000G\000Y}{}% 7
\BOOKMARK [1][-]{section.6}{\376\377\000I\000N\000P\000U\000T\000S}{}% 8
\BOOKMARK [1][-]{section.7}{\376\377\000I\000M\000P\000U\000R\000I\000T\000Y\000\040\000A\000N\000D\000\040\000C\000O\000R\000R\000O\000S\000I\000O\000N\000\040\000A\000N\000A\000L\000Y\000S\000I\000S}{}% 9
\BOOKMARK [2][-]{subsection.7.1}{\376\377\000I\000m\000p\000u\000r\000i\000t\000i\000e\000s\000\040\000M\000a\000t\000r\000i\000x}{section.7}% 10
\BOOKMARK [3][-]{subsubsection.7.1.1}{\376\377\000L\000i\000t\000h\000i\000u\000m\000\040\000i\000n\000i\000t\000i\000a\000l\000\040\000i\000m\000p\000u\000r\000i\000t\000i\000e\000s}{subsection.7.1}% 11
\BOOKMARK [2][-]{subsection.7.2}{\376\377\000C\000o\000r\000r\000o\000s\000i\000o\000n\000\040\000P\000r\000o\000d\000u\000c\000t\000s}{section.7}% 12
\BOOKMARK [2][-]{subsection.7.3}{\376\377\000M\000a\000r\000o\000n\000i\000'\000s\000\040\000P\000r\000o\000c\000e\000s\000s}{section.7}% 13
\BOOKMARK [1][-]{section.8}{\376\377\000C\000H\000E\000M\000I\000C\000A\000L\000\040\000A\000N\000A\000L\000Y\000S\000I\000S}{}% 14
\BOOKMARK [2][-]{subsection.8.1}{\376\377\000N\000u\000c\000l\000e\000a\000t\000i\000o\000n\000\040\000T\000h\000e\000o\000r\000y}{section.8}% 15
\BOOKMARK [3][-]{subsubsection.8.1.1}{\376\377\000D\000r\000i\000v\000i\000n\000g\000\040\000f\000o\000r\000c\000e}{subsection.8.1}% 16
\BOOKMARK [3][-]{subsubsection.8.1.2}{\376\377\000S\000u\000r\000f\000a\000c\000e\000\040\000e\000n\000e\000r\000g\000y}{subsection.8.1}% 17
\BOOKMARK [2][-]{subsection.8.2}{\376\377\000K\000i\000n\000e\000t\000i\000c\000\040\000t\000h\000e\000o\000r\000y}{section.8}% 18
\BOOKMARK [2][-]{subsection.8.3}{\376\377\000I\000m\000p\000u\000r\000i\000t\000i\000e\000s\000\040\000r\000e\000s\000u\000l\000t\000s}{section.8}% 19
\BOOKMARK [3][-]{subsubsection.8.3.1}{\376\377\000M\000e\000t\000a\000l\000l\000i\000c\000\040\000i\000m\000p\000u\000r\000i\000t\000i\000e\000s}{subsection.8.3}% 20
\BOOKMARK [3][-]{subsubsection.8.3.2}{\376\377\000N\000o\000n\000-\000m\000e\000t\000a\000l\000l\000i\000c\000\040\000i\000m\000p\000u\000r\000i\000t\000i\000e\000s}{subsection.8.3}% 21
\BOOKMARK [1][-]{section.9}{\376\377\000C\000E\000N\000T\000R\000I\000F\000U\000G\000A\000L\000\040\000T\000E\000C\000H\000N\000O\000L\000O\000G\000Y\000\040\000S\000E\000L\000E\000C\000T\000I\000O\000N}{}% 22
\BOOKMARK [2][-]{subsection.9.1}{\376\377\000S\000i\000n\000g\000l\000e\000\040\000S\000t\000e\000p\000\040\000S\000e\000p\000a\000r\000a\000t\000i\000o\000n\000\040\000A\000p\000p\000r\000o\000a\000c\000h}{section.9}% 23
\BOOKMARK [2][-]{subsection.9.2}{\376\377\000M\000u\000l\000t\000i\000-\000S\000t\000e\000p\000\040\000S\000e\000p\000a\000r\000a\000t\000i\000o\000n\000\040\000A\000p\000p\000r\000o\000a\000c\000h}{section.9}% 24
\BOOKMARK [2][-]{subsection.9.3}{\376\377\000H\000y\000d\000r\000o\000c\000y\000c\000l\000o\000n\000e\000:\000\040\000M\000a\000t\000h\000e\000m\000a\000t\000i\000c\000a\000l\000\040\000m\000o\000d\000e\000l\000l\000i\000n\000g}{section.9}% 25
\BOOKMARK [2][-]{subsection.9.4}{\376\377\000F\000l\000u\000i\000d\000\040\000m\000o\000d\000e\000l}{section.9}% 26
\BOOKMARK [2][-]{subsection.9.5}{\376\377\000M\000o\000t\000i\000o\000n\000\040\000o\000f\000\040\000s\000u\000s\000p\000e\000n\000d\000e\000d\000\040\000p\000a\000r\000t\000i\000c\000l\000e\000s}{section.9}% 27
\BOOKMARK [2][-]{subsection.9.6}{\376\377\000C\000y\000c\000l\000o\000n\000e\000\040\000e\000f\000f\000e\000c\000t\000i\000v\000e\000\040\000v\000o\000l\000u\000m\000e}{section.9}% 28
\BOOKMARK [2][-]{subsection.9.7}{\376\377\000R\000e\000s\000i\000d\000e\000n\000c\000e\000\040\000t\000i\000m\000e\000\040\000m\000o\000d\000e\000l}{section.9}% 29
\BOOKMARK [2][-]{subsection.9.8}{\376\377\000S\000e\000p\000a\000r\000a\000t\000i\000o\000n\000\040\000e\000f\000f\000i\000c\000i\000e\000n\000c\000y\000\040\000m\000o\000d\000e\000l}{section.9}% 30
\BOOKMARK [1][-]{section.10}{\376\377\000R\000e\000s\000u\000l\000t\000s\000:\000\040\000P\000a\000r\000a\000m\000e\000t\000r\000i\000c\000\040\000a\000n\000a\000l\000y\000s\000i\000s}{}% 31
\BOOKMARK [2][-]{subsection.10.1}{\376\377\000P\000a\000r\000a\000m\000e\000t\000r\000i\000c\000\040\000a\000n\000a\000l\000y\000s\000i\000s\000:\000\040\000T\000e\000m\000p\000e\000r\000a\000t\000u\000r\000e}{section.10}% 32
\BOOKMARK [2][-]{subsection.10.2}{\376\377\000P\000a\000r\000a\000m\000e\000t\000r\000i\000c\000\040\000a\000n\000a\000l\000y\000s\000i\000s\000:\000\040\000C\000y\000c\000l\000o\000n\000e\000\040\000d\000i\000a\000m\000e\000t\000e\000r}{section.10}% 33
\BOOKMARK [2][-]{subsection.10.3}{\376\377\000P\000a\000r\000a\000m\000e\000t\000r\000i\000c\000\040\000a\000n\000a\000l\000y\000s\000i\000s\000:\000\040\000v\000o\000l\000u\000m\000e\000t\000r\000i\000c\000\040\000i\000n\000l\000e\000t\000\040\000f\000l\000o\000w\000\040\000r\000a\000t\000e}{section.10}% 34
\BOOKMARK [2][-]{subsection.10.4}{\376\377\000O\000p\000t\000i\000m\000i\000z\000a\000t\000i\000o\000n\000\040\000m\000e\000t\000h\000o\000d\000o\000l\000o\000g\000y}{section.10}% 35
\BOOKMARK [3][-]{subsubsection.10.4.1}{\376\377\000G\000e\000o\000m\000e\000t\000r\000i\000c\000a\000l\000\040\000o\000p\000t\000i\000m\000i\000z\000a\000t\000i\000o\000n}{subsection.10.4}% 36
\BOOKMARK [3][-]{subsubsection.10.4.2}{\376\377\000O\000p\000t\000i\000m\000i\000z\000a\000t\000i\000o\000n\000:\000\040\000R\000e\000s\000u\000l\000t\000s}{subsection.10.4}% 37
\BOOKMARK [2][-]{subsection.10.5}{\376\377\000C\000o\000n\000c\000e\000p\000t\000u\000a\000l\000\040\000D\000e\000s\000i\000g\000n\000\040\000A\000p\000p\000r\000o\000a\000c\000h}{section.10}% 38
\BOOKMARK [1][-]{section.11}{\376\377\000C\000O\000N\000C\000L\000U\000S\000I\000O\000N\000S}{}% 39
\BOOKMARK [1][-]{section.11}{\376\377\000R\000E\000F\000E\000R\000E\000N\000C\000E\000S}{}% 40
\BOOKMARK [1][-]{section*.76}{\376\377\000A\000N\000N\000E\000X\000\040\0001}{}% 41
