This is pdfTeX, Version 3.141592653-2.6-1.40.25 (TeX Live 2023) (preloaded format=pdflatex 2023.8.16)  21 FEB 2024 10:39
entering extended mode
 restricted \write18 enabled.
 %&-line parsing enabled.
**idom_report.tex
(./idom_report.tex
LaTeX2e <2023-06-01> patch level 1
L3 programming layer <2023-08-11>
(c:/texlive/2023/texmf-dist/tex/latex/base/article.cls
Document Class: article 2023/05/17 v1.4n Standard LaTeX document class
(c:/texlive/2023/texmf-dist/tex/latex/base/size10.clo
File: size10.clo 2023/05/17 v1.4n Standard LaTeX file (size option)
)
\c@part=\count185
\c@section=\count186
\c@subsection=\count187
\c@subsubsection=\count188
\c@paragraph=\count189
\c@subparagraph=\count190
\c@figure=\count191
\c@table=\count192
\abovecaptionskip=\skip48
\belowcaptionskip=\skip49
\bibindent=\dimen140
)
(c:/texlive/2023/texmf-dist/tex/latex/geometry/geometry.sty
Package: geometry 2020/01/02 v5.9 Page Geometry

(c:/texlive/2023/texmf-dist/tex/latex/graphics/keyval.sty
Package: keyval 2022/05/29 v1.15 key=value parser (DPC)
\KV@toks@=\toks17
)
(c:/texlive/2023/texmf-dist/tex/generic/iftex/ifvtex.sty
Package: ifvtex 2019/10/25 v1.7 ifvtex legacy package. Use iftex instead.

(c:/texlive/2023/texmf-dist/tex/generic/iftex/iftex.sty
Package: iftex 2022/02/03 v1.0f TeX engine tests
))
\Gm@cnth=\count193
\Gm@cntv=\count194
\c@Gm@tempcnt=\count195
\Gm@bindingoffset=\dimen141
\Gm@wd@mp=\dimen142
\Gm@odd@mp=\dimen143
\Gm@even@mp=\dimen144
\Gm@layoutwidth=\dimen145
\Gm@layoutheight=\dimen146
\Gm@layouthoffset=\dimen147
\Gm@layoutvoffset=\dimen148
\Gm@dimlist=\toks18
)
(c:/texlive/2023/texmf-dist/tex/latex/xcolor/xcolor.sty
Package: xcolor 2022/06/12 v2.14 LaTeX color extensions (UK)

(c:/texlive/2023/texmf-dist/tex/latex/graphics-cfg/color.cfg
File: color.cfg 2016/01/02 v1.6 sample color configuration
)
Package xcolor Info: Driver file: pdftex.def on input line 227.

(c:/texlive/2023/texmf-dist/tex/latex/graphics-def/pdftex.def
File: pdftex.def 2022/09/22 v1.2b Graphics/color driver for pdftex
)
(c:/texlive/2023/texmf-dist/tex/latex/graphics/mathcolor.ltx)
Package xcolor Info: Model `cmy' substituted by `cmy0' on input line 1353.
Package xcolor Info: Model `hsb' substituted by `rgb' on input line 1357.
Package xcolor Info: Model `RGB' extended on input line 1369.
Package xcolor Info: Model `HTML' substituted by `rgb' on input line 1371.
Package xcolor Info: Model `Hsb' substituted by `hsb' on input line 1372.
Package xcolor Info: Model `tHsb' substituted by `hsb' on input line 1373.
Package xcolor Info: Model `HSB' substituted by `hsb' on input line 1374.
Package xcolor Info: Model `Gray' substituted by `gray' on input line 1375.
Package xcolor Info: Model `wave' substituted by `hsb' on input line 1376.
)
(c:/texlive/2023/texmf-dist/tex/latex/pgf/frontendlayer/tikz.sty
(c:/texlive/2023/texmf-dist/tex/latex/pgf/basiclayer/pgf.sty
(c:/texlive/2023/texmf-dist/tex/latex/pgf/utilities/pgfrcs.sty
(c:/texlive/2023/texmf-dist/tex/generic/pgf/utilities/pgfutil-common.tex
\pgfutil@everybye=\toks19
\pgfutil@tempdima=\dimen149
\pgfutil@tempdimb=\dimen150
)
(c:/texlive/2023/texmf-dist/tex/generic/pgf/utilities/pgfutil-latex.def
\pgfutil@abb=\box51
)
(c:/texlive/2023/texmf-dist/tex/generic/pgf/utilities/pgfrcs.code.tex
(c:/texlive/2023/texmf-dist/tex/generic/pgf/pgf.revision.tex)
Package: pgfrcs 2023-01-15 v3.1.10 (3.1.10)
))
Package: pgf 2023-01-15 v3.1.10 (3.1.10)

(c:/texlive/2023/texmf-dist/tex/latex/pgf/basiclayer/pgfcore.sty
(c:/texlive/2023/texmf-dist/tex/latex/graphics/graphicx.sty
Package: graphicx 2021/09/16 v1.2d Enhanced LaTeX Graphics (DPC,SPQR)

(c:/texlive/2023/texmf-dist/tex/latex/graphics/graphics.sty
Package: graphics 2022/03/10 v1.4e Standard LaTeX Graphics (DPC,SPQR)

(c:/texlive/2023/texmf-dist/tex/latex/graphics/trig.sty
Package: trig 2021/08/11 v1.11 sin cos tan (DPC)
)
(c:/texlive/2023/texmf-dist/tex/latex/graphics-cfg/graphics.cfg
File: graphics.cfg 2016/06/04 v1.11 sample graphics configuration
)
Package graphics Info: Driver file: pdftex.def on input line 107.
)
\Gin@req@height=\dimen151
\Gin@req@width=\dimen152
)
(c:/texlive/2023/texmf-dist/tex/latex/pgf/systemlayer/pgfsys.sty
(c:/texlive/2023/texmf-dist/tex/generic/pgf/systemlayer/pgfsys.code.tex
Package: pgfsys 2023-01-15 v3.1.10 (3.1.10)

(c:/texlive/2023/texmf-dist/tex/generic/pgf/utilities/pgfkeys.code.tex
\pgfkeys@pathtoks=\toks20
\pgfkeys@temptoks=\toks21

(c:/texlive/2023/texmf-dist/tex/generic/pgf/utilities/pgfkeyslibraryfiltered.co
de.tex
\pgfkeys@tmptoks=\toks22
))
\pgf@x=\dimen153
\pgf@y=\dimen154
\pgf@xa=\dimen155
\pgf@ya=\dimen156
\pgf@xb=\dimen157
\pgf@yb=\dimen158
\pgf@xc=\dimen159
\pgf@yc=\dimen160
\pgf@xd=\dimen161
\pgf@yd=\dimen162
\w@pgf@writea=\write3
\r@pgf@reada=\read2
\c@pgf@counta=\count196
\c@pgf@countb=\count197
\c@pgf@countc=\count198
\c@pgf@countd=\count199
\t@pgf@toka=\toks23
\t@pgf@tokb=\toks24
\t@pgf@tokc=\toks25
\pgf@sys@id@count=\count266
 (c:/texlive/2023/texmf-dist/tex/generic/pgf/systemlayer/pgf.cfg
File: pgf.cfg 2023-01-15 v3.1.10 (3.1.10)
)
Driver file for pgf: pgfsys-pdftex.def

(c:/texlive/2023/texmf-dist/tex/generic/pgf/systemlayer/pgfsys-pdftex.def
File: pgfsys-pdftex.def 2023-01-15 v3.1.10 (3.1.10)

(c:/texlive/2023/texmf-dist/tex/generic/pgf/systemlayer/pgfsys-common-pdf.def
File: pgfsys-common-pdf.def 2023-01-15 v3.1.10 (3.1.10)
)))
(c:/texlive/2023/texmf-dist/tex/generic/pgf/systemlayer/pgfsyssoftpath.code.tex
File: pgfsyssoftpath.code.tex 2023-01-15 v3.1.10 (3.1.10)
\pgfsyssoftpath@smallbuffer@items=\count267
\pgfsyssoftpath@bigbuffer@items=\count268
)
(c:/texlive/2023/texmf-dist/tex/generic/pgf/systemlayer/pgfsysprotocol.code.tex
File: pgfsysprotocol.code.tex 2023-01-15 v3.1.10 (3.1.10)
)) (c:/texlive/2023/texmf-dist/tex/generic/pgf/basiclayer/pgfcore.code.tex
Package: pgfcore 2023-01-15 v3.1.10 (3.1.10)

(c:/texlive/2023/texmf-dist/tex/generic/pgf/math/pgfmath.code.tex
(c:/texlive/2023/texmf-dist/tex/generic/pgf/math/pgfmathutil.code.tex)
(c:/texlive/2023/texmf-dist/tex/generic/pgf/math/pgfmathparser.code.tex
\pgfmath@dimen=\dimen163
\pgfmath@count=\count269
\pgfmath@box=\box52
\pgfmath@toks=\toks26
\pgfmath@stack@operand=\toks27
\pgfmath@stack@operation=\toks28
)
(c:/texlive/2023/texmf-dist/tex/generic/pgf/math/pgfmathfunctions.code.tex)
(c:/texlive/2023/texmf-dist/tex/generic/pgf/math/pgfmathfunctions.basic.code.te
x)
(c:/texlive/2023/texmf-dist/tex/generic/pgf/math/pgfmathfunctions.trigonometric
.code.tex)
(c:/texlive/2023/texmf-dist/tex/generic/pgf/math/pgfmathfunctions.random.code.t
ex)
(c:/texlive/2023/texmf-dist/tex/generic/pgf/math/pgfmathfunctions.comparison.co
de.tex)
(c:/texlive/2023/texmf-dist/tex/generic/pgf/math/pgfmathfunctions.base.code.tex
)
(c:/texlive/2023/texmf-dist/tex/generic/pgf/math/pgfmathfunctions.round.code.te
x)
(c:/texlive/2023/texmf-dist/tex/generic/pgf/math/pgfmathfunctions.misc.code.tex
)
(c:/texlive/2023/texmf-dist/tex/generic/pgf/math/pgfmathfunctions.integerarithm
etics.code.tex)
(c:/texlive/2023/texmf-dist/tex/generic/pgf/math/pgfmathcalc.code.tex)
(c:/texlive/2023/texmf-dist/tex/generic/pgf/math/pgfmathfloat.code.tex
\c@pgfmathroundto@lastzeros=\count270
))
(c:/texlive/2023/texmf-dist/tex/generic/pgf/math/pgfint.code.tex)
(c:/texlive/2023/texmf-dist/tex/generic/pgf/basiclayer/pgfcorepoints.code.tex
File: pgfcorepoints.code.tex 2023-01-15 v3.1.10 (3.1.10)
\pgf@picminx=\dimen164
\pgf@picmaxx=\dimen165
\pgf@picminy=\dimen166
\pgf@picmaxy=\dimen167
\pgf@pathminx=\dimen168
\pgf@pathmaxx=\dimen169
\pgf@pathminy=\dimen170
\pgf@pathmaxy=\dimen171
\pgf@xx=\dimen172
\pgf@xy=\dimen173
\pgf@yx=\dimen174
\pgf@yy=\dimen175
\pgf@zx=\dimen176
\pgf@zy=\dimen177
)
(c:/texlive/2023/texmf-dist/tex/generic/pgf/basiclayer/pgfcorepathconstruct.cod
e.tex
File: pgfcorepathconstruct.code.tex 2023-01-15 v3.1.10 (3.1.10)
\pgf@path@lastx=\dimen178
\pgf@path@lasty=\dimen179
)
(c:/texlive/2023/texmf-dist/tex/generic/pgf/basiclayer/pgfcorepathusage.code.te
x
File: pgfcorepathusage.code.tex 2023-01-15 v3.1.10 (3.1.10)
\pgf@shorten@end@additional=\dimen180
\pgf@shorten@start@additional=\dimen181
)
(c:/texlive/2023/texmf-dist/tex/generic/pgf/basiclayer/pgfcorescopes.code.tex
File: pgfcorescopes.code.tex 2023-01-15 v3.1.10 (3.1.10)
\pgfpic=\box53
\pgf@hbox=\box54
\pgf@layerbox@main=\box55
\pgf@picture@serial@count=\count271
)
(c:/texlive/2023/texmf-dist/tex/generic/pgf/basiclayer/pgfcoregraphicstate.code
.tex
File: pgfcoregraphicstate.code.tex 2023-01-15 v3.1.10 (3.1.10)
\pgflinewidth=\dimen182
)
(c:/texlive/2023/texmf-dist/tex/generic/pgf/basiclayer/pgfcoretransformations.c
ode.tex
File: pgfcoretransformations.code.tex 2023-01-15 v3.1.10 (3.1.10)
\pgf@pt@x=\dimen183
\pgf@pt@y=\dimen184
\pgf@pt@temp=\dimen185
)
(c:/texlive/2023/texmf-dist/tex/generic/pgf/basiclayer/pgfcorequick.code.tex
File: pgfcorequick.code.tex 2023-01-15 v3.1.10 (3.1.10)
)
(c:/texlive/2023/texmf-dist/tex/generic/pgf/basiclayer/pgfcoreobjects.code.tex
File: pgfcoreobjects.code.tex 2023-01-15 v3.1.10 (3.1.10)
)
(c:/texlive/2023/texmf-dist/tex/generic/pgf/basiclayer/pgfcorepathprocessing.co
de.tex
File: pgfcorepathprocessing.code.tex 2023-01-15 v3.1.10 (3.1.10)
)
(c:/texlive/2023/texmf-dist/tex/generic/pgf/basiclayer/pgfcorearrows.code.tex
File: pgfcorearrows.code.tex 2023-01-15 v3.1.10 (3.1.10)
\pgfarrowsep=\dimen186
)
(c:/texlive/2023/texmf-dist/tex/generic/pgf/basiclayer/pgfcoreshade.code.tex
File: pgfcoreshade.code.tex 2023-01-15 v3.1.10 (3.1.10)
\pgf@max=\dimen187
\pgf@sys@shading@range@num=\count272
\pgf@shadingcount=\count273
)
(c:/texlive/2023/texmf-dist/tex/generic/pgf/basiclayer/pgfcoreimage.code.tex
File: pgfcoreimage.code.tex 2023-01-15 v3.1.10 (3.1.10)
)
(c:/texlive/2023/texmf-dist/tex/generic/pgf/basiclayer/pgfcoreexternal.code.tex
File: pgfcoreexternal.code.tex 2023-01-15 v3.1.10 (3.1.10)
\pgfexternal@startupbox=\box56
) (c:/texlive/2023/texmf-dist/tex/generic/pgf/basiclayer/pgfcorelayers.code.tex
File: pgfcorelayers.code.tex 2023-01-15 v3.1.10 (3.1.10)
)
(c:/texlive/2023/texmf-dist/tex/generic/pgf/basiclayer/pgfcoretransparency.code
.tex
File: pgfcoretransparency.code.tex 2023-01-15 v3.1.10 (3.1.10)
)
(c:/texlive/2023/texmf-dist/tex/generic/pgf/basiclayer/pgfcorepatterns.code.tex
File: pgfcorepatterns.code.tex 2023-01-15 v3.1.10 (3.1.10)
) (c:/texlive/2023/texmf-dist/tex/generic/pgf/basiclayer/pgfcorerdf.code.tex
File: pgfcorerdf.code.tex 2023-01-15 v3.1.10 (3.1.10)
))) (c:/texlive/2023/texmf-dist/tex/generic/pgf/modules/pgfmoduleshapes.code.te
x
File: pgfmoduleshapes.code.tex 2023-01-15 v3.1.10 (3.1.10)
\pgfnodeparttextbox=\box57
)
(c:/texlive/2023/texmf-dist/tex/generic/pgf/modules/pgfmoduleplot.code.tex
File: pgfmoduleplot.code.tex 2023-01-15 v3.1.10 (3.1.10)
)
(c:/texlive/2023/texmf-dist/tex/latex/pgf/compatibility/pgfcomp-version-0-65.st
y
Package: pgfcomp-version-0-65 2023-01-15 v3.1.10 (3.1.10)
\pgf@nodesepstart=\dimen188
\pgf@nodesepend=\dimen189
)
(c:/texlive/2023/texmf-dist/tex/latex/pgf/compatibility/pgfcomp-version-1-18.st
y
Package: pgfcomp-version-1-18 2023-01-15 v3.1.10 (3.1.10)
)) (c:/texlive/2023/texmf-dist/tex/latex/pgf/utilities/pgffor.sty
(c:/texlive/2023/texmf-dist/tex/latex/pgf/utilities/pgfkeys.sty
(c:/texlive/2023/texmf-dist/tex/generic/pgf/utilities/pgfkeys.code.tex))
(c:/texlive/2023/texmf-dist/tex/latex/pgf/math/pgfmath.sty
(c:/texlive/2023/texmf-dist/tex/generic/pgf/math/pgfmath.code.tex))
(c:/texlive/2023/texmf-dist/tex/generic/pgf/utilities/pgffor.code.tex
Package: pgffor 2023-01-15 v3.1.10 (3.1.10)
\pgffor@iter=\dimen190
\pgffor@skip=\dimen191
\pgffor@stack=\toks29
\pgffor@toks=\toks30
))
(c:/texlive/2023/texmf-dist/tex/generic/pgf/frontendlayer/tikz/tikz.code.tex
Package: tikz 2023-01-15 v3.1.10 (3.1.10)

(c:/texlive/2023/texmf-dist/tex/generic/pgf/libraries/pgflibraryplothandlers.co
de.tex
File: pgflibraryplothandlers.code.tex 2023-01-15 v3.1.10 (3.1.10)
\pgf@plot@mark@count=\count274
\pgfplotmarksize=\dimen192
)
\tikz@lastx=\dimen193
\tikz@lasty=\dimen194
\tikz@lastxsaved=\dimen195
\tikz@lastysaved=\dimen196
\tikz@lastmovetox=\dimen197
\tikz@lastmovetoy=\dimen198
\tikzleveldistance=\dimen199
\tikzsiblingdistance=\dimen256
\tikz@figbox=\box58
\tikz@figbox@bg=\box59
\tikz@tempbox=\box60
\tikz@tempbox@bg=\box61
\tikztreelevel=\count275
\tikznumberofchildren=\count276
\tikznumberofcurrentchild=\count277
\tikz@fig@count=\count278

(c:/texlive/2023/texmf-dist/tex/generic/pgf/modules/pgfmodulematrix.code.tex
File: pgfmodulematrix.code.tex 2023-01-15 v3.1.10 (3.1.10)
\pgfmatrixcurrentrow=\count279
\pgfmatrixcurrentcolumn=\count280
\pgf@matrix@numberofcolumns=\count281
)
\tikz@expandcount=\count282

(c:/texlive/2023/texmf-dist/tex/generic/pgf/frontendlayer/tikz/libraries/tikzli
brarytopaths.code.tex
File: tikzlibrarytopaths.code.tex 2023-01-15 v3.1.10 (3.1.10)
)))
(c:/texlive/2023/texmf-dist/tex/latex/psnfss/helvet.sty
Package: helvet 2020/03/25 PSNFSS-v9.3 (WaS) 
)
(c:/texlive/2023/texmf-dist/tex/latex/tools/array.sty
Package: array 2022/09/04 v2.5g Tabular extension package (FMi)
\col@sep=\dimen257
\ar@mcellbox=\box62
\extrarowheight=\dimen258
\NC@list=\toks31
\extratabsurround=\skip50
\backup@length=\skip51
\ar@cellbox=\box63
)
(c:/texlive/2023/texmf-dist/tex/latex/tools/tabularx.sty
Package: tabularx 2020/01/15 v2.11c `tabularx' package (DPC)
\TX@col@width=\dimen259
\TX@old@table=\dimen260
\TX@old@col=\dimen261
\TX@target=\dimen262
\TX@delta=\dimen263
\TX@cols=\count283
\TX@ftn=\toks32
)
(c:/texlive/2023/texmf-dist/tex/latex/colortbl/colortbl.sty
Package: colortbl 2022/06/20 v1.0f Color table columns (DPC)
\everycr=\toks33
\minrowclearance=\skip52
\rownum=\count284
)
(c:/texlive/2023/texmf-dist/tex/latex/makecell/makecell.sty
Package: makecell 2009/08/03 V0.1e Managing of Tab Column Heads and Cells
\rotheadsize=\dimen264
\c@nlinenum=\count285
\TeXr@lab=\toks34
)
(c:/texlive/2023/texmf-dist/tex/latex/fancyhdr/fancyhdr.sty
Package: fancyhdr 2022/11/09 v4.1 Extensive control of page headers and footers

\f@nch@headwidth=\skip53
\f@nch@O@elh=\skip54
\f@nch@O@erh=\skip55
\f@nch@O@olh=\skip56
\f@nch@O@orh=\skip57
\f@nch@O@elf=\skip58
\f@nch@O@erf=\skip59
\f@nch@O@olf=\skip60
\f@nch@O@orf=\skip61
)
(c:/texlive/2023/texmf-dist/tex/latex/lastpage/lastpage.sty
Package: lastpage 2023/07/24 v2.0c lastpage: 2.09 or 2e? (HMM)

(c:/texlive/2023/texmf-dist/tex/latex/lastpage/lastpage2e.sty
Package: lastpage2e 2023/07/24 v2.0c Decide which 2e lastpage version to use (H
MM)

(c:/texlive/2023/texmf-dist/tex/latex/lastpage/lastpagemodern.sty
Package: lastpagemodern 2023-07-24 v2.0c Refers to last page's name (HMM; JPG)
) 
)) (c:/texlive/2023/texmf-dist/tex/latex/caption/caption.sty
Package: caption 2023/07/31 v3.6n Customizing captions (AR)

(c:/texlive/2023/texmf-dist/tex/latex/caption/caption3.sty
Package: caption3 2023/07/31 v2.4d caption3 kernel (AR)
\caption@tempdima=\dimen265
\captionmargin=\dimen266
\caption@leftmargin=\dimen267
\caption@rightmargin=\dimen268
\caption@width=\dimen269
\caption@indent=\dimen270
\caption@parindent=\dimen271
\caption@hangindent=\dimen272
Package caption Info: Standard document class detected.
)
\c@caption@flags=\count286
\c@continuedfloat=\count287
)
(c:/texlive/2023/texmf-dist/tex/latex/caption/subcaption.sty
Package: subcaption 2023/07/28 v1.6b Sub-captions (AR)
Package caption Info: New subtype `subfigure' on input line 238.
\c@subfigure=\count288
Package caption Info: New subtype `subtable' on input line 238.
\c@subtable=\count289
)
(c:/texlive/2023/texmf-dist/tex/latex/float/float.sty
Package: float 2001/11/08 v1.3d Float enhancements (AL)
\c@float@type=\count290
\float@exts=\toks35
\float@box=\box64
\@float@everytoks=\toks36
\@floatcapt=\box65
)
(c:/texlive/2023/texmf-dist/tex/latex/multirow/multirow.sty
Package: multirow 2021/03/15 v2.8 Span multiple rows of a table
\multirow@colwidth=\skip62
\multirow@cntb=\count291
\multirow@dima=\skip63
\bigstrutjot=\dimen273
)
(c:/texlive/2023/texmf-dist/tex/latex/tocloft/tocloft.sty
Package: tocloft 2017/08/31 v2.3i parameterised ToC, etc., typesetting
Package tocloft Info: The document has section divisions on input line 51.
\cftparskip=\skip64
\cftbeforetoctitleskip=\skip65
\cftaftertoctitleskip=\skip66
\cftbeforepartskip=\skip67
\cftpartnumwidth=\skip68
\cftpartindent=\skip69
\cftbeforesecskip=\skip70
\cftsecindent=\skip71
\cftsecnumwidth=\skip72
\cftbeforesubsecskip=\skip73
\cftsubsecindent=\skip74
\cftsubsecnumwidth=\skip75
\cftbeforesubsubsecskip=\skip76
\cftsubsubsecindent=\skip77
\cftsubsubsecnumwidth=\skip78
\cftbeforeparaskip=\skip79
\cftparaindent=\skip80
\cftparanumwidth=\skip81
\cftbeforesubparaskip=\skip82
\cftsubparaindent=\skip83
\cftsubparanumwidth=\skip84
\cftbeforeloftitleskip=\skip85
\cftafterloftitleskip=\skip86
\cftbeforefigskip=\skip87
\cftfigindent=\skip88
\cftfignumwidth=\skip89
\c@lofdepth=\count292
\c@lotdepth=\count293
\cftbeforelottitleskip=\skip90
\cftafterlottitleskip=\skip91
\cftbeforetabskip=\skip92
\cfttabindent=\skip93
\cfttabnumwidth=\skip94
)
(c:/texlive/2023/texmf-dist/tex/latex/hyperref/hyperref.sty
Package: hyperref 2023-07-08 v7.01b Hypertext links for LaTeX

(c:/texlive/2023/texmf-dist/tex/generic/ltxcmds/ltxcmds.sty
Package: ltxcmds 2020-05-10 v1.25 LaTeX kernel commands for general use (HO)
)
(c:/texlive/2023/texmf-dist/tex/generic/pdftexcmds/pdftexcmds.sty
Package: pdftexcmds 2020-06-27 v0.33 Utility functions of pdfTeX for LuaTeX (HO
)

(c:/texlive/2023/texmf-dist/tex/generic/infwarerr/infwarerr.sty
Package: infwarerr 2019/12/03 v1.5 Providing info/warning/error messages (HO)
)
Package pdftexcmds Info: \pdf@primitive is available.
Package pdftexcmds Info: \pdf@ifprimitive is available.
Package pdftexcmds Info: \pdfdraftmode found.
)
(c:/texlive/2023/texmf-dist/tex/latex/kvsetkeys/kvsetkeys.sty
Package: kvsetkeys 2022-10-05 v1.19 Key value parser (HO)
)
(c:/texlive/2023/texmf-dist/tex/generic/kvdefinekeys/kvdefinekeys.sty
Package: kvdefinekeys 2019-12-19 v1.6 Define keys (HO)
)
(c:/texlive/2023/texmf-dist/tex/generic/pdfescape/pdfescape.sty
Package: pdfescape 2019/12/09 v1.15 Implements pdfTeX's escape features (HO)
)
(c:/texlive/2023/texmf-dist/tex/latex/hycolor/hycolor.sty
Package: hycolor 2020-01-27 v1.10 Color options for hyperref/bookmark (HO)
)
(c:/texlive/2023/texmf-dist/tex/latex/letltxmacro/letltxmacro.sty
Package: letltxmacro 2019/12/03 v1.6 Let assignment for LaTeX macros (HO)
)
(c:/texlive/2023/texmf-dist/tex/latex/auxhook/auxhook.sty
Package: auxhook 2019-12-17 v1.6 Hooks for auxiliary files (HO)
)
(c:/texlive/2023/texmf-dist/tex/latex/hyperref/nameref.sty
Package: nameref 2023-08-07 v2.53 Cross-referencing by name of section

(c:/texlive/2023/texmf-dist/tex/latex/refcount/refcount.sty
Package: refcount 2019/12/15 v3.6 Data extraction from label references (HO)
)
(c:/texlive/2023/texmf-dist/tex/generic/gettitlestring/gettitlestring.sty
Package: gettitlestring 2019/12/15 v1.6 Cleanup title references (HO)

(c:/texlive/2023/texmf-dist/tex/latex/kvoptions/kvoptions.sty
Package: kvoptions 2022-06-15 v3.15 Key value format for package options (HO)
))
\c@section@level=\count294
)
(c:/texlive/2023/texmf-dist/tex/latex/etoolbox/etoolbox.sty
Package: etoolbox 2020/10/05 v2.5k e-TeX tools for LaTeX (JAW)
\etb@tempcnta=\count295
)
\@linkdim=\dimen274
\Hy@linkcounter=\count296
\Hy@pagecounter=\count297

(c:/texlive/2023/texmf-dist/tex/latex/hyperref/pd1enc.def
File: pd1enc.def 2023-07-08 v7.01b Hyperref: PDFDocEncoding definition (HO)
Now handling font encoding PD1 ...
... no UTF-8 mapping file for font encoding PD1
)
(c:/texlive/2023/texmf-dist/tex/generic/intcalc/intcalc.sty
Package: intcalc 2019/12/15 v1.3 Expandable calculations with integers (HO)
)
\Hy@SavedSpaceFactor=\count298

(c:/texlive/2023/texmf-dist/tex/latex/hyperref/puenc.def
File: puenc.def 2023-07-08 v7.01b Hyperref: PDF Unicode definition (HO)
Now handling font encoding PU ...
... no UTF-8 mapping file for font encoding PU
)
Package hyperref Info: Hyper figures OFF on input line 4167.
Package hyperref Info: Link nesting OFF on input line 4172.
Package hyperref Info: Hyper index ON on input line 4175.
Package hyperref Info: Plain pages OFF on input line 4182.
Package hyperref Info: Backreferencing OFF on input line 4187.
Package hyperref Info: Implicit mode ON; LaTeX internals redefined.
Package hyperref Info: Bookmarks ON on input line 4434.
\c@Hy@tempcnt=\count299

(c:/texlive/2023/texmf-dist/tex/latex/url/url.sty
\Urlmuskip=\muskip16
Package: url 2013/09/16  ver 3.4  Verb mode for urls, etc.
)
LaTeX Info: Redefining \url on input line 4772.
\XeTeXLinkMargin=\dimen275

(c:/texlive/2023/texmf-dist/tex/generic/bitset/bitset.sty
Package: bitset 2019/12/09 v1.3 Handle bit-vector datatype (HO)

(c:/texlive/2023/texmf-dist/tex/generic/bigintcalc/bigintcalc.sty
Package: bigintcalc 2019/12/15 v1.5 Expandable calculations on big integers (HO
)
))
\Fld@menulength=\count300
\Field@Width=\dimen276
\Fld@charsize=\dimen277
Package hyperref Info: Hyper figures OFF on input line 6051.
Package hyperref Info: Link nesting OFF on input line 6056.
Package hyperref Info: Hyper index ON on input line 6059.
Package hyperref Info: backreferencing OFF on input line 6066.
Package hyperref Info: Link coloring OFF on input line 6071.
Package hyperref Info: Link coloring with OCG OFF on input line 6076.
Package hyperref Info: PDF/A mode OFF on input line 6081.

(c:/texlive/2023/texmf-dist/tex/latex/base/atbegshi-ltx.sty
Package: atbegshi-ltx 2021/01/10 v1.0c Emulation of the original atbegshi
package with kernel methods
)
\Hy@abspage=\count301
\c@Item=\count302
\c@Hfootnote=\count303
)
Package hyperref Info: Driver (autodetected): hpdftex.

(c:/texlive/2023/texmf-dist/tex/latex/hyperref/hpdftex.def
File: hpdftex.def 2023-07-08 v7.01b Hyperref driver for pdfTeX

(c:/texlive/2023/texmf-dist/tex/latex/base/atveryend-ltx.sty
Package: atveryend-ltx 2020/08/19 v1.0a Emulation of the original atveryend pac
kage
with kernel methods
)
\Fld@listcount=\count304
\c@bookmark@seq@number=\count305

(c:/texlive/2023/texmf-dist/tex/latex/rerunfilecheck/rerunfilecheck.sty
Package: rerunfilecheck 2022-07-10 v1.10 Rerun checks for auxiliary files (HO)

(c:/texlive/2023/texmf-dist/tex/generic/uniquecounter/uniquecounter.sty
Package: uniquecounter 2019/12/15 v1.4 Provide unlimited unique counter (HO)
)
Package uniquecounter Info: New unique counter `rerunfilecheck' on input line 2
85.
)
\Hy@SectionHShift=\skip95
)
(c:/texlive/2023/texmf-dist/tex/latex/biblatex/biblatex.sty
Package: biblatex 2023/03/05 v3.19 programmable bibliographies (PK/MW)

(c:/texlive/2023/texmf-dist/tex/latex/logreq/logreq.sty
Package: logreq 2010/08/04 v1.0 xml request logger
\lrq@indent=\count306

(c:/texlive/2023/texmf-dist/tex/latex/logreq/logreq.def
File: logreq.def 2010/08/04 v1.0 logreq spec v1.0
))
(c:/texlive/2023/texmf-dist/tex/latex/base/ifthen.sty
Package: ifthen 2022/04/13 v1.1d Standard LaTeX ifthen package (DPC)
)
\c@tabx@nest=\count307
\c@listtotal=\count308
\c@listcount=\count309
\c@liststart=\count310
\c@liststop=\count311
\c@citecount=\count312
\c@citetotal=\count313
\c@multicitecount=\count314
\c@multicitetotal=\count315
\c@instcount=\count316
\c@maxnames=\count317
\c@minnames=\count318
\c@maxitems=\count319
\c@minitems=\count320
\c@citecounter=\count321
\c@maxcitecounter=\count322
\c@savedcitecounter=\count323
\c@uniquelist=\count324
\c@uniquename=\count325
\c@refsection=\count326
\c@refsegment=\count327
\c@maxextratitle=\count328
\c@maxextratitleyear=\count329
\c@maxextraname=\count330
\c@maxextradate=\count331
\c@maxextraalpha=\count332
\c@abbrvpenalty=\count333
\c@highnamepenalty=\count334
\c@lownamepenalty=\count335
\c@maxparens=\count336
\c@parenlevel=\count337
\blx@tempcnta=\count338
\blx@tempcntb=\count339
\blx@tempcntc=\count340
\c@blx@maxsection=\count341
\blx@maxsegment@0=\count342
\blx@notetype=\count343
\blx@parenlevel@text=\count344
\blx@parenlevel@foot=\count345
\blx@sectionciteorder@0=\count346
\blx@sectionciteorderinternal@0=\count347
\blx@entrysetcounter=\count348
\blx@biblioinstance=\count349
\labelnumberwidth=\skip96
\labelalphawidth=\skip97
\biblabelsep=\skip98
\bibitemsep=\skip99
\bibnamesep=\skip100
\bibinitsep=\skip101
\bibparsep=\skip102
\bibhang=\skip103
\blx@bcfin=\read3
\blx@bcfout=\write4
\blx@langwohyphens=\language87
\c@mincomprange=\count350
\c@maxcomprange=\count351
\c@mincompwidth=\count352
Package biblatex Info: Trying to load biblatex default data model...
Package biblatex Info: ... file 'blx-dm.def' found.

(c:/texlive/2023/texmf-dist/tex/latex/biblatex/blx-dm.def
File: blx-dm.def 2023/03/05 v3.19 biblatex localization (PK/MW)
)
Package biblatex Info: Trying to load biblatex style data model...
Package biblatex Info: ... file 'numeric.dbx' not found.
Package biblatex Info: Trying to load biblatex custom data model...
Package biblatex Info: ... file 'biblatex-dm.cfg' not found.
\c@afterword=\count353
\c@savedafterword=\count354
\c@annotator=\count355
\c@savedannotator=\count356
\c@author=\count357
\c@savedauthor=\count358
\c@bookauthor=\count359
\c@savedbookauthor=\count360
\c@commentator=\count361
\c@savedcommentator=\count362
\c@editor=\count363
\c@savededitor=\count364
\c@editora=\count365
\c@savededitora=\count366
\c@editorb=\count367
\c@savededitorb=\count368
\c@editorc=\count369
\c@savededitorc=\count370
\c@foreword=\count371
\c@savedforeword=\count372
\c@holder=\count373
\c@savedholder=\count374
\c@introduction=\count375
\c@savedintroduction=\count376
\c@namea=\count377
\c@savednamea=\count378
\c@nameb=\count379
\c@savednameb=\count380
\c@namec=\count381
\c@savednamec=\count382
\c@translator=\count383
\c@savedtranslator=\count384
\c@shortauthor=\count385
\c@savedshortauthor=\count386
\c@shorteditor=\count387
\c@savedshorteditor=\count388
\c@labelname=\count389
\c@savedlabelname=\count390
\c@institution=\count391
\c@savedinstitution=\count392
\c@lista=\count393
\c@savedlista=\count394
\c@listb=\count395
\c@savedlistb=\count396
\c@listc=\count397
\c@savedlistc=\count398
\c@listd=\count399
\c@savedlistd=\count400
\c@liste=\count401
\c@savedliste=\count402
\c@listf=\count403
\c@savedlistf=\count404
\c@location=\count405
\c@savedlocation=\count406
\c@organization=\count407
\c@savedorganization=\count408
\c@origlocation=\count409
\c@savedoriglocation=\count410
\c@origpublisher=\count411
\c@savedorigpublisher=\count412
\c@publisher=\count413
\c@savedpublisher=\count414
\c@language=\count415
\c@savedlanguage=\count416
\c@origlanguage=\count417
\c@savedoriglanguage=\count418
\c@pageref=\count419
\c@savedpageref=\count420
\shorthandwidth=\skip104
\shortjournalwidth=\skip105
\shortserieswidth=\skip106
\shorttitlewidth=\skip107
\shortauthorwidth=\skip108
\shorteditorwidth=\skip109
\locallabelnumberwidth=\skip110
\locallabelalphawidth=\skip111
\localshorthandwidth=\skip112
\localshortjournalwidth=\skip113
\localshortserieswidth=\skip114
\localshorttitlewidth=\skip115
\localshortauthorwidth=\skip116
\localshorteditorwidth=\skip117
Package biblatex Info: Trying to load compatibility code...
Package biblatex Info: ... file 'blx-compat.def' found.

(c:/texlive/2023/texmf-dist/tex/latex/biblatex/blx-compat.def
File: blx-compat.def 2023/03/05 v3.19 biblatex compatibility (PK/MW)
)
Package biblatex Info: Trying to load generic definitions...
Package biblatex Info: ... file 'biblatex.def' found.

(c:/texlive/2023/texmf-dist/tex/latex/biblatex/biblatex.def
File: biblatex.def 2023/03/05 v3.19 biblatex compatibility (PK/MW)
\c@textcitecount=\count421
\c@textcitetotal=\count422
\c@textcitemaxnames=\count423
\c@biburlbigbreakpenalty=\count424
\c@biburlbreakpenalty=\count425
\c@biburlnumpenalty=\count426
\c@biburlucpenalty=\count427
\c@biburllcpenalty=\count428
\biburlbigskip=\muskip17
\biburlnumskip=\muskip18
\biburlucskip=\muskip19
\biburllcskip=\muskip20
\c@smartand=\count429
)
Package biblatex Info: Trying to load bibliography style 'numeric'...
Package biblatex Info: ... file 'numeric.bbx' found.

(c:/texlive/2023/texmf-dist/tex/latex/biblatex/bbx/numeric.bbx
File: numeric.bbx 2023/03/05 v3.19 biblatex bibliography style (PK/MW)
Package biblatex Info: Trying to load bibliography style 'standard'...
Package biblatex Info: ... file 'standard.bbx' found.

(c:/texlive/2023/texmf-dist/tex/latex/biblatex/bbx/standard.bbx
File: standard.bbx 2023/03/05 v3.19 biblatex bibliography style (PK/MW)
\c@bbx:relatedcount=\count430
\c@bbx:relatedtotal=\count431
))
Package biblatex Info: Trying to load citation style 'numeric'...
Package biblatex Info: ... file 'numeric.cbx' found.

(c:/texlive/2023/texmf-dist/tex/latex/biblatex/cbx/numeric.cbx
File: numeric.cbx 2023/03/05 v3.19 biblatex citation style (PK/MW)
Package biblatex Info: Redefining '\cite'.
Package biblatex Info: Redefining '\parencite'.
Package biblatex Info: Redefining '\footcite'.
Package biblatex Info: Redefining '\footcitetext'.
Package biblatex Info: Redefining '\smartcite'.
Package biblatex Info: Redefining '\supercite'.
Package biblatex Info: Redefining '\textcite'.
Package biblatex Info: Redefining '\textcites'.
Package biblatex Info: Redefining '\cites'.
Package biblatex Info: Redefining '\parencites'.
Package biblatex Info: Redefining '\smartcites'.
)
Package biblatex Info: Trying to load configuration file...
Package biblatex Info: ... file 'biblatex.cfg' found.

(c:/texlive/2023/texmf-dist/tex/latex/biblatex/biblatex.cfg
File: biblatex.cfg 
)
Package biblatex Info: Input encoding 'utf8' detected.
Package biblatex Info: Document encoding is UTF8 ....

(c:/texlive/2023/texmf-dist/tex/latex/l3kernel/expl3.sty
Package: expl3 2023-08-11 L3 programming layer (loader) 

(c:/texlive/2023/texmf-dist/tex/latex/l3backend/l3backend-pdftex.def
File: l3backend-pdftex.def 2023-04-19 L3 backend support: PDF output (pdfTeX)
\l__color_backend_stack_int=\count432
\l__pdf_internal_box=\box66
))
Package biblatex Info: ... and expl3
(biblatex)             2023-08-11 L3 programming layer (loader) 
(biblatex)             is new enough (at least 2020/04/06),
(biblatex)             setting 'casechanger=expl3'.

(c:/texlive/2023/texmf-dist/tex/latex/biblatex/blx-case-expl3.sty
(c:/texlive/2023/texmf-dist/tex/latex/l3packages/xparse/xparse.sty
Package: xparse 2023-02-02 L3 Experimental document command parser
)
Package: blx-case-expl3 2023/03/05 v3.19 expl3 case changing code for biblatex
))
(c:/texlive/2023/texmf-dist/tex/generic/soul/soul.sty
Package: soul 2023-06-14 v3.1 Permit use of UTF-8 characters in soul (HO)

(c:/texlive/2023/texmf-dist/tex/generic/soul/soul-ori.sty
Package: soul-ori 2023-06-14 v3.1 letterspacing/underlining (mf)
\SOUL@word=\toks37
\SOUL@lasttoken=\toks38
\SOUL@syllable=\toks39
\SOUL@cmds=\toks40
\SOUL@buffer=\toks41
\SOUL@token=\toks42
\SOUL@syllgoal=\dimen278
\SOUL@syllwidth=\dimen279
\SOUL@charkern=\dimen280
\SOUL@hyphkern=\dimen281
\SOUL@dimen=\dimen282
\SOUL@dimeni=\dimen283
\SOUL@minus=\count433
\SOUL@comma=\count434
\SOUL@apo=\count435
\SOUL@grave=\count436
\SOUL@spaceskip=\skip118
\SOUL@ttwidth=\dimen284
\SOUL@uldp=\dimen285
\SOUL@ulht=\dimen286
)
(c:/texlive/2023/texmf-dist/tex/generic/etexcmds/etexcmds.sty
Package: etexcmds 2019/12/15 v1.7 Avoid name clashes with e-TeX commands (HO)
))
(c:/texlive/2023/texmf-dist/tex/latex/amsmath/amsmath.sty
Package: amsmath 2023/05/13 v2.17o AMS math features
\@mathmargin=\skip119

For additional information on amsmath, use the `?' option.
(c:/texlive/2023/texmf-dist/tex/latex/amsmath/amstext.sty
Package: amstext 2021/08/26 v2.01 AMS text

(c:/texlive/2023/texmf-dist/tex/latex/amsmath/amsgen.sty
File: amsgen.sty 1999/11/30 v2.0 generic functions
\@emptytoks=\toks43
\ex@=\dimen287
))
(c:/texlive/2023/texmf-dist/tex/latex/amsmath/amsbsy.sty
Package: amsbsy 1999/11/29 v1.2d Bold Symbols
\pmbraise@=\dimen288
)
(c:/texlive/2023/texmf-dist/tex/latex/amsmath/amsopn.sty
Package: amsopn 2022/04/08 v2.04 operator names
)
\inf@bad=\count437
LaTeX Info: Redefining \frac on input line 234.
\uproot@=\count438
\leftroot@=\count439
LaTeX Info: Redefining \overline on input line 399.
LaTeX Info: Redefining \colon on input line 410.
\classnum@=\count440
\DOTSCASE@=\count441
LaTeX Info: Redefining \ldots on input line 496.
LaTeX Info: Redefining \dots on input line 499.
LaTeX Info: Redefining \cdots on input line 620.
\Mathstrutbox@=\box67
\strutbox@=\box68
LaTeX Info: Redefining \big on input line 722.
LaTeX Info: Redefining \Big on input line 723.
LaTeX Info: Redefining \bigg on input line 724.
LaTeX Info: Redefining \Bigg on input line 725.
\big@size=\dimen289
LaTeX Font Info:    Redeclaring font encoding OML on input line 743.
LaTeX Font Info:    Redeclaring font encoding OMS on input line 744.
\macc@depth=\count442
LaTeX Info: Redefining \bmod on input line 905.
LaTeX Info: Redefining \pmod on input line 910.
LaTeX Info: Redefining \smash on input line 940.
LaTeX Info: Redefining \relbar on input line 970.
LaTeX Info: Redefining \Relbar on input line 971.
\c@MaxMatrixCols=\count443
\dotsspace@=\muskip21
\c@parentequation=\count444
\dspbrk@lvl=\count445
\tag@help=\toks44
\row@=\count446
\column@=\count447
\maxfields@=\count448
\andhelp@=\toks45
\eqnshift@=\dimen290
\alignsep@=\dimen291
\tagshift@=\dimen292
\tagwidth@=\dimen293
\totwidth@=\dimen294
\lineht@=\dimen295
\@envbody=\toks46
\multlinegap=\skip120
\multlinetaggap=\skip121
\mathdisplay@stack=\toks47
LaTeX Info: Redefining \[ on input line 2953.
LaTeX Info: Redefining \] on input line 2954.
)
(c:/texlive/2023/texmf-dist/tex/latex/wasysym/wasysym.sty
Package: wasysym 2020/01/19 v2.4 Wasy-2 symbol support package
\symwasy=\mathgroup4
LaTeX Font Info:    Overwriting symbol font `wasy' in version `bold'
(Font)                  U/wasy/m/n --> U/wasy/b/n on input line 93.
)
(c:/texlive/2023/texmf-dist/tex/latex/booktabs/booktabs.sty
Package: booktabs 2020/01/12 v1.61803398 Publication quality tables
\heavyrulewidth=\dimen296
\lightrulewidth=\dimen297
\cmidrulewidth=\dimen298
\belowrulesep=\dimen299
\belowbottomsep=\dimen300
\aboverulesep=\dimen301
\abovetopsep=\dimen302
\cmidrulesep=\dimen303
\cmidrulekern=\dimen304
\defaultaddspace=\dimen305
\@cmidla=\count449
\@cmidlb=\count450
\@aboverulesep=\dimen306
\@belowrulesep=\dimen307
\@thisruleclass=\count451
\@lastruleclass=\count452
\@thisrulewidth=\dimen308
)
(c:/texlive/2023/texmf-dist/tex/latex/tools/longtable.sty
Package: longtable 2021-09-01 v4.17 Multi-page Table package (DPC)
\LTleft=\skip122
\LTright=\skip123
\LTpre=\skip124
\LTpost=\skip125
\LTchunksize=\count453
\LTcapwidth=\dimen309
\LT@head=\box69
\LT@firsthead=\box70
\LT@foot=\box71
\LT@lastfoot=\box72
\LT@gbox=\box73
\LT@cols=\count454
\LT@rows=\count455
\c@LT@tables=\count456
\c@LT@chunks=\count457
\LT@p@ftn=\toks48
)
(c:/texlive/2023/texmf-dist/tex/latex/easyreview/easyReview.sty
Package: easyReview 2014/06/27 Package for Easy Review on LaTeX documents
Package: easyReview 2013/12/09 Package for Easy Review on LaTeX documents

(c:/texlive/2023/texmf-dist/tex/latex/todonotes/todonotes.sty
Package: todonotes 2023/01/31 v1.1.6 Todonotes source and documentation.
Package: todonotes 2023/01/31

(c:/texlive/2023/texmf-dist/tex/latex/xkeyval/xkeyval.sty
Package: xkeyval 2022/06/16 v2.9 package option processing (HA)

(c:/texlive/2023/texmf-dist/tex/generic/xkeyval/xkeyval.tex
(c:/texlive/2023/texmf-dist/tex/generic/xkeyval/xkvutils.tex
\XKV@toks=\toks49
\XKV@tempa@toks=\toks50
)
\XKV@depth=\count458
File: xkeyval.tex 2014/12/03 v2.7a key=value parser (HA)
))
(c:/texlive/2023/texmf-dist/tex/generic/pgf/frontendlayer/tikz/libraries/tikzli
brarypositioning.code.tex
File: tikzlibrarypositioning.code.tex 2023-01-15 v3.1.10 (3.1.10)
) (c:/texlive/2023/texmf-dist/tex/latex/tools/calc.sty
Package: calc 2017/05/25 v4.3 Infix arithmetic (KKT,FJ)
\calc@Acount=\count459
\calc@Bcount=\count460
\calc@Adimen=\dimen310
\calc@Bdimen=\dimen311
\calc@Askip=\skip126
\calc@Bskip=\skip127
LaTeX Info: Redefining \setlength on input line 80.
LaTeX Info: Redefining \addtolength on input line 81.
\calc@Ccount=\count461
\calc@Cskip=\skip128
)
\c@@todonotes@numberoftodonotes=\count462
)) (c:/texlive/2023/texmf-dist/tex/latex/listings/listings.sty
\lst@mode=\count463
\lst@gtempboxa=\box74
\lst@token=\toks51
\lst@length=\count464
\lst@currlwidth=\dimen312
\lst@column=\count465
\lst@pos=\count466
\lst@lostspace=\dimen313
\lst@width=\dimen314
\lst@newlines=\count467
\lst@lineno=\count468
\lst@maxwidth=\dimen315

(c:/texlive/2023/texmf-dist/tex/latex/listings/lstmisc.sty
File: lstmisc.sty 2023/02/27 1.9 (Carsten Heinz)
\c@lstnumber=\count469
\lst@skipnumbers=\count470
\lst@framebox=\box75
)
(c:/texlive/2023/texmf-dist/tex/latex/listings/listings.cfg
File: listings.cfg 2023/02/27 1.9 listings configuration
))
Package: listings 2023/02/27 1.9 (Carsten Heinz)

(c:/texlive/2023/texmf-dist/tex/latex/tablefootnote/tablefootnote.sty
Package: tablefootnote 2014/01/26 v1.1c Table foot notes (HMM)

(c:/texlive/2023/texmf-dist/tex/latex/xifthen/xifthen.sty
Package: xifthen 2015/11/05 v1.4.0 Extended ifthen features

(c:/texlive/2023/texmf-dist/tex/latex/ifmtarg/ifmtarg.sty
Package: ifmtarg 2018/04/16 v1.2b check for an empty argument
)))
(c:/texlive/2023/texmf-dist/tex/latex/tcolorbox/tcolorbox.sty
Package: tcolorbox 2023/06/19 version 6.0.4 text color boxes

(c:/texlive/2023/texmf-dist/tex/latex/tools/verbatim.sty
Package: verbatim 2022-07-02 v1.5u LaTeX2e package for verbatim enhancements
\every@verbatim=\toks52
\verbatim@line=\toks53
\verbatim@in@stream=\read4
)
(c:/texlive/2023/texmf-dist/tex/latex/environ/environ.sty
Package: environ 2014/05/04 v0.3 A new way to define environments

(c:/texlive/2023/texmf-dist/tex/latex/trimspaces/trimspaces.sty
Package: trimspaces 2009/09/17 v1.1 Trim spaces around a token list
))
\tcb@titlebox=\box76
\tcb@upperbox=\box77
\tcb@lowerbox=\box78
\tcb@phantombox=\box79
\c@tcbbreakpart=\count471
\c@tcblayer=\count472
\c@tcolorbox@number=\count473
\tcb@temp=\box80
\tcb@temp=\box81
\tcb@temp=\box82
\tcb@temp=\box83

(c:/texlive/2023/texmf-dist/tex/latex/tcolorbox/tcbraster.code.tex
Library (tcolorbox): 'tcbraster.code.tex' version '6.0.4'
\c@tcbrastercolumn=\count474
\c@tcbrasterrow=\count475
\c@tcbrasternum=\count476
\c@tcbraster=\count477
) (c:/texlive/2023/texmf-dist/tex/latex/tcolorbox/tcbskins.code.tex
Library (tcolorbox): 'tcbskins.code.tex' version '6.0.4'
(c:/texlive/2023/texmf-dist/tex/latex/tikzfill/tikzfill.image.sty
Package: tikzfill.image 2023/08/08 v1.0.1 Image filling library for TikZ

(c:/texlive/2023/texmf-dist/tex/latex/tikzfill/tikzfill-common.sty
Package: tikzfill-common 2023/08/08 v1.0.1 Auxiliary code for tikzfill
)
(c:/texlive/2023/texmf-dist/tex/latex/tikzfill/tikzlibraryfill.image.code.tex
File: tikzlibraryfill.image.code.tex 2023/08/08 v1.0.1 Image filling library
\l__tikzfill_img_box=\box84
)) (c:/texlive/2023/texmf-dist/tex/latex/tcolorbox/tcbskinsjigsaw.code.tex
Library (tcolorbox): 'tcbskinsjigsaw.code.tex' version '6.0.4'
)) (c:/texlive/2023/texmf-dist/tex/latex/tcolorbox/tcbbreakable.code.tex
Library (tcolorbox): 'tcbbreakable.code.tex' version '6.0.4'
(c:/texlive/2023/texmf-dist/tex/latex/pdfcol/pdfcol.sty
Package: pdfcol 2022-09-21 v1.7 Handle new color stacks for pdfTeX (HO)
)
Package pdfcol Info: New color stack `tcb@breakable' = 1 on input line 23.
\tcb@testbox=\box85
\tcb@totalupperbox=\box86
\tcb@totallowerbox=\box87
)
(c:/texlive/2023/texmf-dist/tex/latex/tcolorbox/tcbhooks.code.tex
Library (tcolorbox): 'tcbhooks.code.tex' version '6.0.4'
) (c:/texlive/2023/texmf-dist/tex/latex/tcolorbox/tcbtheorems.code.tex
Library (tcolorbox): 'tcbtheorems.code.tex' version '6.0.4'
) (c:/texlive/2023/texmf-dist/tex/latex/tcolorbox/tcbfitting.code.tex
Library (tcolorbox): 'tcbfitting.code.tex' version '6.0.4'
\tcbfitdim=\dimen316
\tcb@lowerfitdim=\dimen317
\tcb@upperfitdim=\dimen318
\tcb@cur@hbadness=\count478
) (c:/texlive/2023/texmf-dist/tex/latex/tcolorbox/tcblistingsutf8.code.tex
Library (tcolorbox): 'tcblistingsutf8.code.tex' version '6.0.4'
(c:/texlive/2023/texmf-dist/tex/latex/tcolorbox/tcblistings.code.tex
Library (tcolorbox): 'tcblistings.code.tex' version '6.0.4'
(c:/texlive/2023/texmf-dist/tex/latex/tcolorbox/tcblistingscore.code.tex
Library (tcolorbox): 'tcblistingscore.code.tex' version '6.0.4'
(c:/texlive/2023/texmf-dist/tex/latex/tcolorbox/tcbprocessing.code.tex
Library (tcolorbox): 'tcbprocessing.code.tex' version '6.0.4'
(c:/texlive/2023/texmf-dist/tex/latex/tools/shellesc.sty
Package: shellesc 2023/04/15 v1.0d unified shell escape interface for LaTeX
Package shellesc Info: Restricted shell escape enabled on input line 77.
))
\c@tcblisting=\count479
))
(c:/texlive/2023/texmf-dist/tex/latex/listingsutf8/listingsutf8.sty
Package: listingsutf8 2019-12-10 v1.5 Allow UTF-8 in listings input (HO)

(c:/texlive/2023/texmf-dist/tex/generic/stringenc/stringenc.sty
Package: stringenc 2019/11/29 v1.12 Convert strings between diff. encodings (HO
)
)))
(c:/texlive/2023/texmf-dist/tex/latex/tcolorbox/tcbexternal.code.tex
Library (tcolorbox): 'tcbexternal.code.tex' version '6.0.4'
) (c:/texlive/2023/texmf-dist/tex/latex/tcolorbox/tcbmagazine.code.tex
Library (tcolorbox): 'tcbmagazine.code.tex' version '6.0.4'
) (c:/texlive/2023/texmf-dist/tex/latex/tcolorbox/tcbvignette.code.tex
Library (tcolorbox): 'tcbvignette.code.tex' version '6.0.4'

(c:/texlive/2023/texmf-dist/tex/generic/pgf/frontendlayer/tikz/libraries/tikzli
braryfadings.code.tex
File: tikzlibraryfadings.code.tex 2023-01-15 v3.1.10 (3.1.10)

(c:/texlive/2023/texmf-dist/tex/generic/pgf/libraries/pgflibraryfadings.code.te
x
File: pgflibraryfadings.code.tex 2023-01-15 v3.1.10 (3.1.10)
))) (c:/texlive/2023/texmf-dist/tex/latex/tcolorbox/tcbposter.code.tex
Library (tcolorbox): 'tcbposter.code.tex' version '6.0.4'
)) (c:/texlive/2023/texmf-dist/tex/latex/setspace/setspace.sty
Package: setspace 2022/12/04 v6.7b set line spacing
)
(c:/texlive/2023/texmf-dist/tex/latex/background/background.sty
Package: background 2014/03/04 v2.1 background material

(c:/texlive/2023/texmf-dist/tex/latex/everypage/everypage.sty
Package: everypage 2020/10/17 R2.0b Hooks to run on every page


Package everypage Warning: Functionality similar to this package has recently
(everypage)                been implemented in LaTeX. This package is now in
(everypage)                legacy status.
(everypage)                Please, don't use it in new documents and packages.


Package everypage Warning: You appear to be running a version of LaTeX
(everypage)                providing the new functionality.
(everypage)                Doing the best to deliver the original `everypage`
(everypage)                interface on top of it. Strict equivalence is
(everypage)                not possible, breakage may occur.
(everypage)                If truly needed, Use `everypage-1x` to force the
(everypage)                loading of an older code base.

) (c:/texlive/2023/texmf-dist/tex/latex/tools/afterpage.sty
Package: afterpage 2014/10/28 v1.08 After-Page Package (DPC)
\AP@output=\toks54
\AP@partial=\box88
\AP@footins=\box89
))
\@quotelevel=\count480
\@quotereset=\count481
LaTeX Font Info:    Trying to load font information for OT1+phv on input line 1
00.

(c:/texlive/2023/texmf-dist/tex/latex/psnfss/ot1phv.fd
File: ot1phv.fd 2020/03/25 scalable font definitions for OT1/phv.
) (./idom_report.aux

LaTeX Warning: Label `' multiply defined.


LaTeX Warning: Label `' multiply defined.

)
\openout1 = `idom_report.aux'.

LaTeX Font Info:    Checking defaults for OML/cmm/m/it on input line 100.
LaTeX Font Info:    ... okay on input line 100.
LaTeX Font Info:    Checking defaults for OMS/cmsy/m/n on input line 100.
LaTeX Font Info:    ... okay on input line 100.
LaTeX Font Info:    Checking defaults for OT1/cmr/m/n on input line 100.
LaTeX Font Info:    ... okay on input line 100.
LaTeX Font Info:    Checking defaults for T1/cmr/m/n on input line 100.
LaTeX Font Info:    ... okay on input line 100.
LaTeX Font Info:    Checking defaults for TS1/cmr/m/n on input line 100.
LaTeX Font Info:    ... okay on input line 100.
LaTeX Font Info:    Checking defaults for OMX/cmex/m/n on input line 100.
LaTeX Font Info:    ... okay on input line 100.
LaTeX Font Info:    Checking defaults for U/cmr/m/n on input line 100.
LaTeX Font Info:    ... okay on input line 100.
LaTeX Font Info:    Checking defaults for PD1/pdf/m/n on input line 100.
LaTeX Font Info:    ... okay on input line 100.
LaTeX Font Info:    Checking defaults for PU/pdf/m/n on input line 100.
LaTeX Font Info:    ... okay on input line 100.

*geometry* driver: auto-detecting
*geometry* detected driver: pdftex
*geometry* verbose mode - [ preamble ] result:
* driver: pdftex
* paper: a4paper
* layout: <same size as paper>
* layoutoffset:(h,v)=(0.0pt,0.0pt)
* modes: 
* h-part:(L,W,R)=(71.13188pt, 455.24411pt, 71.13188pt)
* v-part:(T,H,B)=(71.13188pt, 702.78308pt, 71.13188pt)
* \paperwidth=597.50787pt
* \paperheight=845.04684pt
* \textwidth=455.24411pt
* \textheight=702.78308pt
* \oddsidemargin=-1.1381pt
* \evensidemargin=-1.1381pt
* \topmargin=-38.1381pt
* \headheight=12.0pt
* \headsep=25.0pt
* \topskip=10.0pt
* \footskip=30.0pt
* \marginparwidth=65.0pt
* \marginparsep=11.0pt
* \columnsep=10.0pt
* \skip\footins=9.0pt plus 4.0pt minus 2.0pt
* \hoffset=0.0pt
* \voffset=0.0pt
* \mag=1000
* \@twocolumnfalse
* \@twosidefalse
* \@mparswitchfalse
* \@reversemarginfalse
* (1in=72.27pt=25.4mm, 1cm=28.453pt)

(c:/texlive/2023/texmf-dist/tex/context/base/mkii/supp-pdf.mkii
[Loading MPS to PDF converter (version 2006.09.02).]
\scratchcounter=\count482
\scratchdimen=\dimen319
\scratchbox=\box90
\nofMPsegments=\count483
\nofMParguments=\count484
\everyMPshowfont=\toks55
\MPscratchCnt=\count485
\MPscratchDim=\dimen320
\MPnumerator=\count486
\makeMPintoPDFobject=\count487
\everyMPtoPDFconversion=\toks56
) (c:/texlive/2023/texmf-dist/tex/latex/epstopdf-pkg/epstopdf-base.sty
Package: epstopdf-base 2020-01-24 v2.11 Base part for package epstopdf
Package epstopdf-base Info: Redefining graphics rule for `.eps' on input line 4
85.

(c:/texlive/2023/texmf-dist/tex/latex/latexconfig/epstopdf-sys.cfg
File: epstopdf-sys.cfg 2010/07/13 v1.3 Configuration of (r)epstopdf for TeX Liv
e
))
Package caption Info: Begin \AtBeginDocument code.
Package caption Info: float package is loaded.
Package caption Info: hyperref package is loaded.
Package caption Info: listings package is loaded.
Package caption Info: longtable package is loaded.

(c:/texlive/2023/texmf-dist/tex/latex/caption/ltcaption.sty
Package: ltcaption 2021/01/08 v1.4c longtable captions (AR)
)
Package caption Info: End \AtBeginDocument code.
Package hyperref Info: Link coloring OFF on input line 100.
 (./idom_report.out) (./idom_report.out)
\@outlinefile=\write5
\openout5 = `idom_report.out'.

Package biblatex Info: Trying to load language 'english'...
Package biblatex Info: ... file 'english.lbx' found.

(c:/texlive/2023/texmf-dist/tex/latex/biblatex/lbx/english.lbx
File: english.lbx 2023/03/05 v3.19 biblatex localization (PK/MW)
)
Package biblatex Info: Input encoding 'utf8' detected.
Package biblatex Info: Automatic encoding selection.
(biblatex)             Assuming data encoding 'utf8'.
\openout4 = `idom_report.bcf'.

Package biblatex Info: Trying to load bibliographic data...
Package biblatex Info: ... file 'idom_report.bbl' found.

(./idom_report.bbl)
Package biblatex Info: Reference section=0 on input line 100.
Package biblatex Info: Reference segment=0 on input line 100.
\c@lstlisting=\count488
 (c:/texlive/2023/texmf-dist/tex/latex/base/inputenc.sty
Package: inputenc 2021/02/14 v1.3d Input encoding file
\inpenc@prehook=\toks57
\inpenc@posthook=\toks58
)
<idom_logo.png, id=190, 175.3752pt x 63.1158pt>
File: idom_logo.png Graphic file (type png)
<use idom_logo.png>
Package pdftex.def Info: idom_logo.png  used on input line 111.
(pdftex.def)             Requested size: 199.16928pt x 71.685pt.

Underfull \hbox (badness 10000) in paragraph at lines 117--119
 [][][]
 []


Underfull \hbox (badness 10000) in paragraph at lines 121--121
 []\OT1/phv/m/n/17.28 Liquid Lithium solid im-pu-ri-ties cy-clone sep-a-ra-tor
 []


Underfull \hbox (badness 10000) in paragraph at lines 122--122
 []\OT1/phv/m/n/17.28 First Light Fu-sion
 []


Underfull \hbox (badness 10000) in paragraph at lines 123--123
 []\OT1/phv/m/n/17.28 01/2024
 []


Underfull \hbox (badness 10000) in paragraph at lines 124--124
 []\OT1/phv/m/n/17.28 Chemical as-sess-ment of par-tic-u-late im-pu-ri-ties
 []


Underfull \hbox (badness 10000) in paragraph at lines 126--127
 []\OT1/phv/m/n/17.28 S022641 / SIM0001v.0
 []

[1

{c:/texlive/2023/texmf-var/fonts/map/pdftex/updmap/pdftex.map}{c:/texlive/2023/
texmf-dist/fonts/enc/dvips/base/8r.enc} <./idom_logo.png>]
LaTeX Font Info:    Font shape `OT1/phv/m/it' in size <10> not available
(Font)              Font shape `OT1/phv/m/sl' tried instead on input line 147.
LaTeX Font Info:    Trying to load font information for TS1+phv on input line 1
47.

(c:/texlive/2023/texmf-dist/tex/latex/psnfss/ts1phv.fd
File: ts1phv.fd 2020/03/25 scalable font definitions for TS1/phv.
)
LaTeX Font Info:    Font shape `TS1/phv/m/it' in size <10> not available
(Font)              Font shape `TS1/phv/m/sl' tried instead on input line 147.
 [2]
LaTeX Font Info:    Trying to load font information for U+wasy on input line 15
9.

(c:/texlive/2023/texmf-dist/tex/latex/wasysym/uwasy.fd
File: uwasy.fd 2020/01/19 v2.4 Wasy-2 symbol font definitions
)
<FLF.png, id=204, 399.4925pt x 127.47626pt>
File: FLF.png Graphic file (type png)
<use FLF.png>
Package pdftex.def Info: FLF.png  used on input line 161.
(pdftex.def)             Requested size: 196.16754pt x 62.59596pt.
LaTeX Font Info:    Font shape `OT1/phv/b/it' in size <10> not available
(Font)              Font shape `OT1/phv/b/sl' tried instead on input line 171.

Overfull \hbox (9.16194pt too wide) in paragraph at lines 159--207
 [] 
 []


Overfull \hbox (11.52855pt too wide) in paragraph at lines 221--222
[]|\OT1/phv/m/sl/10 S022641.04.02| 
 []


Overfull \hbox (9.67015pt too wide) in paragraph at lines 213--228
 [] 
 []

[3 <./FLF.png>] [4]
Overfull \hbox (9.16194pt too wide) in paragraph at lines 283--304
 [] 
 []


Overfull \hbox (9.16194pt too wide) in paragraph at lines 308--317
 [] 
 []


Overfull \hbox (9.16194pt too wide) in paragraph at lines 321--340
 [] 
 []

<IDOM_blue_logo.png, id=215, 81.1395pt x 19.3815pt>
File: IDOM_blue_logo.png Graphic file (type png)
<use IDOM_blue_logo.png>
Package pdftex.def Info: IDOM_blue_logo.png  used on input line 343.
(pdftex.def)             Requested size: 85.35826pt x 20.39078pt.

Package fancyhdr Warning: \headheight is too small (12.0pt): 
(fancyhdr)                Make it at least 28.99081pt, for example:
(fancyhdr)                \setlength{\headheight}{28.99081pt}.
(fancyhdr)                You might also make \topmargin smaller to compensate:

(fancyhdr)                \addtolength{\topmargin}{-16.99081pt}.

[5 <./IDOM_blue_logo.png>]
File: IDOM_blue_logo.png Graphic file (type png)
<use IDOM_blue_logo.png>
Package pdftex.def Info: IDOM_blue_logo.png  used on input line 354.
(pdftex.def)             Requested size: 85.35826pt x 20.39078pt.


Package fancyhdr Warning: \headheight is too small (12.0pt): 
(fancyhdr)                Make it at least 28.99081pt, for example:
(fancyhdr)                \setlength{\headheight}{28.99081pt}.
(fancyhdr)                You might also make \topmargin smaller to compensate:

(fancyhdr)                \addtolength{\topmargin}{-16.99081pt}.

[6] (./idom_report.toc
File: IDOM_blue_logo.png Graphic file (type png)
<use IDOM_blue_logo.png>
Package pdftex.def Info: IDOM_blue_logo.png  used on input line 34.
(pdftex.def)             Requested size: 85.35826pt x 20.39078pt.


Package fancyhdr Warning: \headheight is too small (12.0pt): 
(fancyhdr)                Make it at least 28.99081pt, for example:
(fancyhdr)                \setlength{\headheight}{28.99081pt}.
(fancyhdr)                You might also make \topmargin smaller to compensate:

(fancyhdr)                \addtolength{\topmargin}{-16.99081pt}.

[7])
\tf@toc=\write6
\openout6 = `idom_report.toc'.

File: IDOM_blue_logo.png Graphic file (type png)
<use IDOM_blue_logo.png>
Package pdftex.def Info: IDOM_blue_logo.png  used on input line 358.
(pdftex.def)             Requested size: 85.35826pt x 20.39078pt.


Package fancyhdr Warning: \headheight is too small (12.0pt): 
(fancyhdr)                Make it at least 28.99081pt, for example:
(fancyhdr)                \setlength{\headheight}{28.99081pt}.
(fancyhdr)                You might also make \topmargin smaller to compensate:

(fancyhdr)                \addtolength{\topmargin}{-16.99081pt}.

[8] (./idom_report.lof)
\tf@lof=\write7
\openout7 = `idom_report.lof'.

File: IDOM_blue_logo.png Graphic file (type png)
<use IDOM_blue_logo.png>
Package pdftex.def Info: IDOM_blue_logo.png  used on input line 361.
(pdftex.def)             Requested size: 85.35826pt x 20.39078pt.


Package fancyhdr Warning: \headheight is too small (12.0pt): 
(fancyhdr)                Make it at least 28.99081pt, for example:
(fancyhdr)                \setlength{\headheight}{28.99081pt}.
(fancyhdr)                You might also make \topmargin smaller to compensate:

(fancyhdr)                \addtolength{\topmargin}{-16.99081pt}.

[9] (./idom_report.lot)
\tf@lot=\write8
\openout8 = `idom_report.lot'.

 (./glossary.tex
File: IDOM_blue_logo.png Graphic file (type png)
<use IDOM_blue_logo.png>
Package pdftex.def Info: IDOM_blue_logo.png  used on input line 2.
(pdftex.def)             Requested size: 85.35826pt x 20.39078pt.


Package fancyhdr Warning: \headheight is too small (12.0pt): 
(fancyhdr)                Make it at least 28.99081pt, for example:
(fancyhdr)                \setlength{\headheight}{28.99081pt}.
(fancyhdr)                You might also make \topmargin smaller to compensate:

(fancyhdr)                \addtolength{\topmargin}{-16.99081pt}.

[10]
File: IDOM_blue_logo.png Graphic file (type png)
<use IDOM_blue_logo.png>
Package pdftex.def Info: IDOM_blue_logo.png  used on input line 49.
(pdftex.def)             Requested size: 85.35826pt x 20.39078pt.


Package fancyhdr Warning: \headheight is too small (12.0pt): 
(fancyhdr)                Make it at least 28.99081pt, for example:
(fancyhdr)                \setlength{\headheight}{28.99081pt}.
(fancyhdr)                You might also make \topmargin smaller to compensate:

(fancyhdr)                \addtolength{\topmargin}{-16.99081pt}.

[11]) (./doc_body.tex
File: IDOM_blue_logo.png Graphic file (type png)
<use IDOM_blue_logo.png>
Package pdftex.def Info: IDOM_blue_logo.png  used on input line 4.
(pdftex.def)             Requested size: 85.35826pt x 20.39078pt.


Package fancyhdr Warning: \headheight is too small (12.0pt): 
(fancyhdr)                Make it at least 28.99081pt, for example:
(fancyhdr)                \setlength{\headheight}{28.99081pt}.
(fancyhdr)                You might also make \topmargin smaller to compensate:

(fancyhdr)                \addtolength{\topmargin}{-16.99081pt}.

[12]
Underfull \hbox (badness 10000) in paragraph at lines 7--8

 []


Underfull \hbox (badness 10000) in paragraph at lines 9--10

 []


Underfull \hbox (badness 10000) in paragraph at lines 11--12

 []

File: IDOM_blue_logo.png Graphic file (type png)
<use IDOM_blue_logo.png>
Package pdftex.def Info: IDOM_blue_logo.png  used on input line 15.
(pdftex.def)             Requested size: 85.35826pt x 20.39078pt.

Package fancyhdr Warning: \headheight is too small (12.0pt): 
(fancyhdr)                Make it at least 28.99081pt, for example:
(fancyhdr)                \setlength{\headheight}{28.99081pt}.
(fancyhdr)                You might also make \topmargin smaller to compensate:

(fancyhdr)                \addtolength{\topmargin}{-16.99081pt}.

[13]
File: IDOM_blue_logo.png Graphic file (type png)
<use IDOM_blue_logo.png>
Package pdftex.def Info: IDOM_blue_logo.png  used on input line 56.
(pdftex.def)             Requested size: 85.35826pt x 20.39078pt.


Package fancyhdr Warning: \headheight is too small (12.0pt): 
(fancyhdr)                Make it at least 28.99081pt, for example:
(fancyhdr)                \setlength{\headheight}{28.99081pt}.
(fancyhdr)                You might also make \topmargin smaller to compensate:

(fancyhdr)                \addtolength{\topmargin}{-16.99081pt}.

[14]
Underfull \hbox (badness 10000) in paragraph at lines 59--60

 []


Underfull \hbox (badness 10000) in paragraph at lines 61--62

 []


Underfull \hbox (badness 10000) in paragraph at lines 63--64

 []

File: IDOM_blue_logo.png Graphic file (type png)
<use IDOM_blue_logo.png>
Package pdftex.def Info: IDOM_blue_logo.png  used on input line 67.
(pdftex.def)             Requested size: 85.35826pt x 20.39078pt.

Package fancyhdr Warning: \headheight is too small (12.0pt): 
(fancyhdr)                Make it at least 28.99081pt, for example:
(fancyhdr)                \setlength{\headheight}{28.99081pt}.
(fancyhdr)                You might also make \topmargin smaller to compensate:

(fancyhdr)                \addtolength{\topmargin}{-16.99081pt}.

[15]
Underfull \hbox (badness 10000) in paragraph at lines 70--71

 []

<methodology.png, id=393, 466.74374pt x 440.39531pt>
File: methodology.png Graphic file (type png)
<use methodology.png>
Package pdftex.def Info: methodology.png  used on input line 77.
(pdftex.def)             Requested size: 364.19667pt x 343.64807pt.
File: IDOM_blue_logo.png Graphic file (type png)
<use IDOM_blue_logo.png>
Package pdftex.def Info: IDOM_blue_logo.png  used on input line 85.
(pdftex.def)             Requested size: 85.35826pt x 20.39078pt.

Package fancyhdr Warning: \headheight is too small (12.0pt): 
(fancyhdr)                Make it at least 28.99081pt, for example:
(fancyhdr)                \setlength{\headheight}{28.99081pt}.
(fancyhdr)                You might also make \topmargin smaller to compensate:

(fancyhdr)                \addtolength{\topmargin}{-16.99081pt}.

[16 <./methodology.png>]
File: IDOM_blue_logo.png Graphic file (type png)
<use IDOM_blue_logo.png>
Package pdftex.def Info: IDOM_blue_logo.png  used on input line 121.
(pdftex.def)             Requested size: 85.35826pt x 20.39078pt.


Package fancyhdr Warning: \headheight is too small (12.0pt): 
(fancyhdr)                Make it at least 28.99081pt, for example:
(fancyhdr)                \setlength{\headheight}{28.99081pt}.
(fancyhdr)                You might also make \topmargin smaller to compensate:

(fancyhdr)                \addtolength{\topmargin}{-16.99081pt}.

[17]
<Li_init_imp_chart.png, id=408, 714.7503pt x 426.393pt>
File: Li_init_imp_chart.png Graphic file (type png)
<use Li_init_imp_chart.png>
Package pdftex.def Info: Li_init_imp_chart.png  used on input line 139.
(pdftex.def)             Requested size: 441.58734pt x 263.44354pt.
File: IDOM_blue_logo.png Graphic file (type png)
<use IDOM_blue_logo.png>
Package pdftex.def Info: IDOM_blue_logo.png  used on input line 172.
(pdftex.def)             Requested size: 85.35826pt x 20.39078pt.


Package fancyhdr Warning: \headheight is too small (12.0pt): 
(fancyhdr)                Make it at least 28.99081pt, for example:
(fancyhdr)                \setlength{\headheight}{28.99081pt}.
(fancyhdr)                You might also make \topmargin smaller to compensate:

(fancyhdr)                \addtolength{\topmargin}{-16.99081pt}.

[18 <./Li_init_imp_chart.png>]
File: IDOM_blue_logo.png Graphic file (type png)
<use IDOM_blue_logo.png>
Package pdftex.def Info: IDOM_blue_logo.png  used on input line 181.
(pdftex.def)             Requested size: 85.35826pt x 20.39078pt.


Package fancyhdr Warning: \headheight is too small (12.0pt): 
(fancyhdr)                Make it at least 28.99081pt, for example:
(fancyhdr)                \setlength{\headheight}{28.99081pt}.
(fancyhdr)                You might also make \topmargin smaller to compensate:

(fancyhdr)                \addtolength{\topmargin}{-16.99081pt}.

[19]
Underfull \hbox (badness 1715) in paragraph at lines 188--188
[]|[] \OT1/phv/b/n/10 Li im-pu-ri-
 []


Underfull \hbox (badness 10000) in paragraph at lines 189--189
\OT1/phv/m/n/10 and in-ter-gran-u-
 []


Underfull \hbox (badness 3612) in paragraph at lines 189--189
\OT1/phv/m/n/10 lar pen-e-tra-tion in
 []


Underfull \hbox (badness 10000) in paragraph at lines 189--189
[]|\OT1/phv/m/n/10 Primary at-tack via
 []


Underfull \hbox (badness 10000) in paragraph at lines 189--189
\OT1/phv/m/n/10 chromium form-ing
 []


Underfull \hbox (badness 10000) in paragraph at lines 189--189
\OT1/phv/m/n/10 Li9CrN5 and iron
 []


Underfull \hbox (badness 5105) in paragraph at lines 189--189
[]|\OT1/phv/m/n/10 High ni-tro-gen lev-els
 []


Underfull \hbox (badness 2486) in paragraph at lines 189--189
\OT1/phv/m/n/10 lead to cor-ro-sion at
 []


Underfull \hbox (badness 1253) in paragraph at lines 189--189
[]|\OT1/phv/m/n/10 [[]4[]], [[]5[]], [[]6[]],
 []


Underfull \hbox (badness 10000) in paragraph at lines 190--190
[]|\OT1/phv/m/n/10 Li5FeO4, Li-CrO2,
 []


Underfull \hbox (badness 10000) in paragraph at lines 190--190
\OT1/phv/m/n/10 Li2Ni8O17 formed
 []


Underfull \hbox (badness 10000) in paragraph at lines 190--190
\OT1/phv/m/n/10 be-tween Li2O and
 []


Underfull \hbox (badness 10000) in paragraph at lines 190--190
[]|\OT1/phv/m/n/10 Limited in-for-ma-tion,
 []


Underfull \hbox (badness 10000) in paragraph at lines 191--191
[]|\OT1/phv/m/n/10 Formation of
 []


Underfull \hbox (badness 10000) in paragraph at lines 191--191
\OT1/phv/m/n/10 Cr23C6 pre-cip-i-
 []


Underfull \hbox (badness 1448) in paragraph at lines 191--191
\OT1/phv/m/n/10 tates on stain-less
 []


Underfull \hbox (badness 10000) in paragraph at lines 191--191
[]|\OT1/phv/m/n/10 Cr23C6 pre-cip-i-tates
 []


Underfull \hbox (badness 10000) in paragraph at lines 191--191
\OT1/phv/m/n/10 en-hance chromium
 []


Underfull \hbox (badness 4543) in paragraph at lines 191--191
\OT1/phv/m/n/10 con-cen-tra-tion at the
 []


Underfull \hbox (badness 10000) in paragraph at lines 191--191
[]|\OT1/phv/m/n/10 Higher weight loss
 []


Underfull \hbox (badness 10000) in paragraph at lines 191--191
\OT1/phv/m/n/10 steel com-pared to
 []


Underfull \hbox (badness 10000) in paragraph at lines 192--192
[]|\OT1/phv/m/n/10 Significant de-car-
 []


Underfull \hbox (badness 10000) in paragraph at lines 192--192
\OML/cmm/m/it/10 Fe[]Cr[]Mo[]Ni[]$
 []


Underfull \hbox (badness 10000) in paragraph at lines 192--192
\OT1/phv/m/n/10 on steel sur-face
 []


Underfull \hbox (badness 5832) in paragraph at lines 192--192
[]|\OT1/phv/m/n/10 Decrease in car-bon
 []


Underfull \hbox (badness 10000) in paragraph at lines 192--192
\OT1/phv/m/n/10 con-tent more pro-
 []


Underfull \hbox (badness 10000) in paragraph at lines 193--193
[]|\OT1/phv/m/n/10 Not known to
 []


Underfull \hbox (badness 10000) in paragraph at lines 193--193
\OT1/phv/m/n/10 cause cor-ro-sion
 []


Underfull \hbox (badness 4713) in paragraph at lines 193--193
\OT1/phv/m/n/10 in stain-less steel
 []


Underfull \hbox (badness 1552) in paragraph at lines 193--193
\OT1/phv/m/n/10 weight loss in stain-
 []


Underfull \hbox (badness 5064) in paragraph at lines 193--193
[]|\OT1/phv/m/n/10 Adding 5wt% Al to
 []


Underfull \hbox (badness 1325) in paragraph at lines 194--194
[]|[] \OT1/phv/m/n/10 No im-pu-ri-
 []


Underfull \hbox (badness 10000) in paragraph at lines 194--194
\OT1/phv/m/n/10 showed mor-pho-
 []


Underfull \hbox (badness 10000) in paragraph at lines 194--194
\OT1/phv/m/n/10 log-i-cal changes
 []


Underfull \hbox (badness 10000) in paragraph at lines 194--194
\OT1/phv/m/n/10 in-duced by the
 []


Underfull \hbox (badness 10000) in paragraph at lines 194--194
\OT1/phv/m/n/10 dis-so-lu-tion of Ni
 []


Underfull \hbox (badness 10000) in paragraph at lines 194--194
\OT1/phv/m/n/10 grained sur-face
 []


Overfull \hbox (3.09444pt too wide) in paragraph at lines 187--198
[][] 
 []

File: IDOM_blue_logo.png Graphic file (type png)
<use IDOM_blue_logo.png>
Package pdftex.def Info: IDOM_blue_logo.png  used on input line 203.
(pdftex.def)             Requested size: 85.35826pt x 20.39078pt.

Package fancyhdr Warning: \headheight is too small (12.0pt): 
(fancyhdr)                Make it at least 28.99081pt, for example:
(fancyhdr)                \setlength{\headheight}{28.99081pt}.
(fancyhdr)                You might also make \topmargin smaller to compensate:

(fancyhdr)                \addtolength{\topmargin}{-16.99081pt}.

[20]
<maroni_schema.png, id=458, 529.98pt x 350.81062pt>
File: maroni_schema.png Graphic file (type png)
<use maroni_schema.png>
Package pdftex.def Info: maroni_schema.png  used on input line 210.
(pdftex.def)             Requested size: 318.66948pt x 210.93764pt.
File: IDOM_blue_logo.png Graphic file (type png)
<use IDOM_blue_logo.png>
Package pdftex.def Info: IDOM_blue_logo.png  used on input line 242.
(pdftex.def)             Requested size: 85.35826pt x 20.39078pt.


Package fancyhdr Warning: \headheight is too small (12.0pt): 
(fancyhdr)                Make it at least 28.99081pt, for example:
(fancyhdr)                \setlength{\headheight}{28.99081pt}.
(fancyhdr)                You might also make \topmargin smaller to compensate:

(fancyhdr)                \addtolength{\topmargin}{-16.99081pt}.

[21 <./maroni_schema.png>]
File: IDOM_blue_logo.png Graphic file (type png)
<use IDOM_blue_logo.png>
Package pdftex.def Info: IDOM_blue_logo.png  used on input line 244.
(pdftex.def)             Requested size: 85.35826pt x 20.39078pt.


Package fancyhdr Warning: \headheight is too small (12.0pt): 
(fancyhdr)                Make it at least 28.99081pt, for example:
(fancyhdr)                \setlength{\headheight}{28.99081pt}.
(fancyhdr)                You might also make \topmargin smaller to compensate:

(fancyhdr)                \addtolength{\topmargin}{-16.99081pt}.

[22]
File: IDOM_blue_logo.png Graphic file (type png)
<use IDOM_blue_logo.png>
Package pdftex.def Info: IDOM_blue_logo.png  used on input line 262.
(pdftex.def)             Requested size: 85.35826pt x 20.39078pt.


Package fancyhdr Warning: \headheight is too small (12.0pt): 
(fancyhdr)                Make it at least 28.99081pt, for example:
(fancyhdr)                \setlength{\headheight}{28.99081pt}.
(fancyhdr)                You might also make \topmargin smaller to compensate:

(fancyhdr)                \addtolength{\topmargin}{-16.99081pt}.

[23]
Underfull \hbox (badness 10000) in paragraph at lines 265--266

 []

<rad_chart.png, id=487, 569.87906pt x 435.87843pt>
File: rad_chart.png Graphic file (type png)
<use rad_chart.png>
Package pdftex.def Info: rad_chart.png  used on input line 293.
(pdftex.def)             Requested size: 386.96027pt x 295.96774pt.
<rad_chart_comp.png, id=488, 917.67844pt x 454.69875pt>
File: rad_chart_comp.png Graphic file (type png)
<use rad_chart_comp.png>
Package pdftex.def Info: rad_chart_comp.png  used on input line 300.
(pdftex.def)             Requested size: 455.24411pt x 225.57265pt.
File: IDOM_blue_logo.png Graphic file (type png)
<use IDOM_blue_logo.png>
Package pdftex.def Info: IDOM_blue_logo.png  used on input line 304.
(pdftex.def)             Requested size: 85.35826pt x 20.39078pt.

Package fancyhdr Warning: \headheight is too small (12.0pt): 
(fancyhdr)                Make it at least 28.99081pt, for example:
(fancyhdr)                \setlength{\headheight}{28.99081pt}.
(fancyhdr)                You might also make \topmargin smaller to compensate:

(fancyhdr)                \addtolength{\topmargin}{-16.99081pt}.

[24]
File: IDOM_blue_logo.png Graphic file (type png)
<use IDOM_blue_logo.png>
Package pdftex.def Info: IDOM_blue_logo.png  used on input line 327.
(pdftex.def)             Requested size: 85.35826pt x 20.39078pt.


Package fancyhdr Warning: \headheight is too small (12.0pt): 
(fancyhdr)                Make it at least 28.99081pt, for example:
(fancyhdr)                \setlength{\headheight}{28.99081pt}.
(fancyhdr)                You might also make \topmargin smaller to compensate:

(fancyhdr)                \addtolength{\topmargin}{-16.99081pt}.

[25 <./rad_chart.png> <./rad_chart_comp.png>]
File: IDOM_blue_logo.png Graphic file (type png)
<use IDOM_blue_logo.png>
Package pdftex.def Info: IDOM_blue_logo.png  used on input line 327.
(pdftex.def)             Requested size: 85.35826pt x 20.39078pt.


Package fancyhdr Warning: \headheight is too small (12.0pt): 
(fancyhdr)                Make it at least 28.99081pt, for example:
(fancyhdr)                \setlength{\headheight}{28.99081pt}.
(fancyhdr)                You might also make \topmargin smaller to compensate:

(fancyhdr)                \addtolength{\topmargin}{-16.99081pt}.

[26]
File: IDOM_blue_logo.png Graphic file (type png)
<use IDOM_blue_logo.png>
Package pdftex.def Info: IDOM_blue_logo.png  used on input line 347.
(pdftex.def)             Requested size: 85.35826pt x 20.39078pt.


Package fancyhdr Warning: \headheight is too small (12.0pt): 
(fancyhdr)                Make it at least 28.99081pt, for example:
(fancyhdr)                \setlength{\headheight}{28.99081pt}.
(fancyhdr)                You might also make \topmargin smaller to compensate:

(fancyhdr)                \addtolength{\topmargin}{-16.99081pt}.

[27]
File: IDOM_blue_logo.png Graphic file (type png)
<use IDOM_blue_logo.png>
Package pdftex.def Info: IDOM_blue_logo.png  used on input line 355.
(pdftex.def)             Requested size: 85.35826pt x 20.39078pt.


Package fancyhdr Warning: \headheight is too small (12.0pt): 
(fancyhdr)                Make it at least 28.99081pt, for example:
(fancyhdr)                \setlength{\headheight}{28.99081pt}.
(fancyhdr)                You might also make \topmargin smaller to compensate:

(fancyhdr)                \addtolength{\topmargin}{-16.99081pt}.

[28]
Underfull \hbox (badness 10000) in paragraph at lines 357--358

 []


Underfull \hbox (badness 10000) in paragraph at lines 360--361

 []

<multi_stage.png, id=521, 1099.85907pt x 562.35094pt>
File: multi_stage.png Graphic file (type png)
<use multi_stage.png>
Package pdftex.def Info: multi_stage.png  used on input line 367.
(pdftex.def)             Requested size: 409.71692pt x 209.4824pt.

Underfull \hbox (badness 10000) in paragraph at lines 373--374

 []

File: IDOM_blue_logo.png Graphic file (type png)
<use IDOM_blue_logo.png>
Package pdftex.def Info: IDOM_blue_logo.png  used on input line 374.
(pdftex.def)             Requested size: 85.35826pt x 20.39078pt.

Package fancyhdr Warning: \headheight is too small (12.0pt): 
(fancyhdr)                Make it at least 28.99081pt, for example:
(fancyhdr)                \setlength{\headheight}{28.99081pt}.
(fancyhdr)                You might also make \topmargin smaller to compensate:

(fancyhdr)                \addtolength{\topmargin}{-16.99081pt}.

[29 <./multi_stage.png>]
<multi_stage_technical.png, id=529, 998.9822pt x 577.40718pt>
File: multi_stage_technical.png Graphic file (type png)
<use multi_stage_technical.png>
Package pdftex.def Info: multi_stage_technical.png  used on input line 379.
(pdftex.def)             Requested size: 455.24411pt x 263.12596pt.
File: IDOM_blue_logo.png Graphic file (type png)
<use IDOM_blue_logo.png>
Package pdftex.def Info: IDOM_blue_logo.png  used on input line 385.
(pdftex.def)             Requested size: 85.35826pt x 20.39078pt.


Package fancyhdr Warning: \headheight is too small (12.0pt): 
(fancyhdr)                Make it at least 28.99081pt, for example:
(fancyhdr)                \setlength{\headheight}{28.99081pt}.
(fancyhdr)                You might also make \topmargin smaller to compensate:

(fancyhdr)                \addtolength{\topmargin}{-16.99081pt}.

[30 <./multi_stage_technical.png>] (./cyclone_modelling.tex
<images/schema.png, id=542, 233.37187pt x 230.8625pt>
File: images/schema.png Graphic file (type png)
<use images/schema.png>
Package pdftex.def Info: images/schema.png  used on input line 26.
(pdftex.def)             Requested size: 182.09486pt x 180.14598pt.

Overfull \hbox (12.26399pt too wide) in paragraph at lines 33--45
 [][] 
 []

File: IDOM_blue_logo.png Graphic file (type png)
<use IDOM_blue_logo.png>
Package pdftex.def Info: IDOM_blue_logo.png  used on input line 49.
(pdftex.def)             Requested size: 85.35826pt x 20.39078pt.

Package fancyhdr Warning: \headheight is too small (12.0pt): 
(fancyhdr)                Make it at least 28.99081pt, for example:
(fancyhdr)                \setlength{\headheight}{28.99081pt}.
(fancyhdr)                You might also make \topmargin smaller to compensate:

(fancyhdr)                \addtolength{\topmargin}{-16.99081pt}.

[31]
<images/tangential_velocity_schema.png, id=555, 343.2825pt x 194.7275pt>
File: images/tangential_velocity_schema.png Graphic file (type png)
<use images/tangential_velocity_schema.png>
Package pdftex.def Info: images/tangential_velocity_schema.png  used on input l
ine 70.
(pdftex.def)             Requested size: 227.62206pt x 129.11777pt.
File: IDOM_blue_logo.png Graphic file (type png)
<use IDOM_blue_logo.png>
Package pdftex.def Info: IDOM_blue_logo.png  used on input line 75.
(pdftex.def)             Requested size: 85.35826pt x 20.39078pt.


Package fancyhdr Warning: \headheight is too small (12.0pt): 
(fancyhdr)                Make it at least 28.99081pt, for example:
(fancyhdr)                \setlength{\headheight}{28.99081pt}.
(fancyhdr)                You might also make \topmargin smaller to compensate:

(fancyhdr)                \addtolength{\topmargin}{-16.99081pt}.

[32 <./images/schema.png>]
File: IDOM_blue_logo.png Graphic file (type png)
<use IDOM_blue_logo.png>
Package pdftex.def Info: IDOM_blue_logo.png  used on input line 112.
(pdftex.def)             Requested size: 85.35826pt x 20.39078pt.


Package fancyhdr Warning: \headheight is too small (12.0pt): 
(fancyhdr)                Make it at least 28.99081pt, for example:
(fancyhdr)                \setlength{\headheight}{28.99081pt}.
(fancyhdr)                You might also make \topmargin smaller to compensate:

(fancyhdr)                \addtolength{\topmargin}{-16.99081pt}.

[33 <./images/tangential_velocity_schema.png>]

LaTeX Warning: Command \textendash invalid in math mode on input line 149.


LaTeX Warning: Command \textendash invalid in math mode on input line 149.

File: IDOM_blue_logo.png Graphic file (type png)
<use IDOM_blue_logo.png>
Package pdftex.def Info: IDOM_blue_logo.png  used on input line 157.
(pdftex.def)             Requested size: 85.35826pt x 20.39078pt.

Package fancyhdr Warning: \headheight is too small (12.0pt): 
(fancyhdr)                Make it at least 28.99081pt, for example:
(fancyhdr)                \setlength{\headheight}{28.99081pt}.
(fancyhdr)                You might also make \topmargin smaller to compensate:

(fancyhdr)                \addtolength{\topmargin}{-16.99081pt}.

[34]
<images/control_volume.png, id=601, 246.9225pt x 137.51375pt>
File: images/control_volume.png Graphic file (type png)
<use images/control_volume.png>
Package pdftex.def Info: images/control_volume.png  used on input line 169.
(pdftex.def)             Requested size: 227.62206pt x 126.76387pt.
File: IDOM_blue_logo.png Graphic file (type png)
<use IDOM_blue_logo.png>
Package pdftex.def Info: IDOM_blue_logo.png  used on input line 190.
(pdftex.def)             Requested size: 85.35826pt x 20.39078pt.


Package fancyhdr Warning: \headheight is too small (12.0pt): 
(fancyhdr)                Make it at least 28.99081pt, for example:
(fancyhdr)                \setlength{\headheight}{28.99081pt}.
(fancyhdr)                You might also make \topmargin smaller to compensate:

(fancyhdr)                \addtolength{\topmargin}{-16.99081pt}.

[35 <./images/control_volume.png>]
<images/efficiency_vs_Temperature.png, id=619, 487.8225pt x 367.1316pt>
File: images/efficiency_vs_Temperature.png Graphic file (type png)
<use images/efficiency_vs_Temperature.png>
Package pdftex.def Info: images/efficiency_vs_Temperature.png  used on input li
ne 228.
(pdftex.def)             Requested size: 227.62206pt x 171.30823pt.
File: IDOM_blue_logo.png Graphic file (type png)
<use IDOM_blue_logo.png>
Package pdftex.def Info: IDOM_blue_logo.png  used on input line 233.
(pdftex.def)             Requested size: 85.35826pt x 20.39078pt.


Package fancyhdr Warning: \headheight is too small (12.0pt): 
(fancyhdr)                Make it at least 28.99081pt, for example:
(fancyhdr)                \setlength{\headheight}{28.99081pt}.
(fancyhdr)                You might also make \topmargin smaller to compensate:

(fancyhdr)                \addtolength{\topmargin}{-16.99081pt}.

[36]
<images/efficiency_vs_cyclone_diameter.png, id=629, 487.8225pt x 367.1316pt>
File: images/efficiency_vs_cyclone_diameter.png Graphic file (type png)
<use images/efficiency_vs_cyclone_diameter.png>
Package pdftex.def Info: images/efficiency_vs_cyclone_diameter.png  used on inp
ut line 239.
(pdftex.def)             Requested size: 227.62206pt x 171.30823pt.
File: IDOM_blue_logo.png Graphic file (type png)
<use IDOM_blue_logo.png>
Package pdftex.def Info: IDOM_blue_logo.png  used on input line 250.
(pdftex.def)             Requested size: 85.35826pt x 20.39078pt.


Package fancyhdr Warning: \headheight is too small (12.0pt): 
(fancyhdr)                Make it at least 28.99081pt, for example:
(fancyhdr)                \setlength{\headheight}{28.99081pt}.
(fancyhdr)                You might also make \topmargin smaller to compensate:

(fancyhdr)                \addtolength{\topmargin}{-16.99081pt}.

[37 <./images/efficiency_vs_Temperature.png> <./images/efficiency_vs_cyclone_di
ameter.png>]
<images/efficiency_vs_inlet_VFR.png, id=641, 487.8225pt x 367.1316pt>
File: images/efficiency_vs_inlet_VFR.png Graphic file (type png)
<use images/efficiency_vs_inlet_VFR.png>
Package pdftex.def Info: images/efficiency_vs_inlet_VFR.png  used on input line
 257.
(pdftex.def)             Requested size: 223.07211pt x 167.88542pt.
<images/inlet_VRF_vs_inlet_velocity.png, id=642, 487.8225pt x 367.8543pt>
File: images/inlet_VRF_vs_inlet_velocity.png Graphic file (type png)
<use images/inlet_VRF_vs_inlet_velocity.png>
Package pdftex.def Info: images/inlet_VRF_vs_inlet_velocity.png  used on input 
line 263.
(pdftex.def)             Requested size: 223.07211pt x 168.2159pt.
<images/efficiency_vs_inlet_VFR_porcent.png, id=646, 487.8225pt x 367.1316pt>
File: images/efficiency_vs_inlet_VFR_porcent.png Graphic file (type png)
<use images/efficiency_vs_inlet_VFR_porcent.png>
Package pdftex.def Info: images/efficiency_vs_inlet_VFR_porcent.png  used on in
put line 279.
(pdftex.def)             Requested size: 223.07211pt x 167.88542pt.
<images/efficiency_vs_inlet_VFR_relative.png, id=647, 495.7722pt x 367.1316pt>
File: images/efficiency_vs_inlet_VFR_relative.png Graphic file (type png)
<use images/efficiency_vs_inlet_VFR_relative.png>
Package pdftex.def Info: images/efficiency_vs_inlet_VFR_relative.png  used on i
nput line 285.
(pdftex.def)             Requested size: 223.07211pt x 165.19087pt.
File: IDOM_blue_logo.png Graphic file (type png)
<use IDOM_blue_logo.png>
Package pdftex.def Info: IDOM_blue_logo.png  used on input line 293.
(pdftex.def)             Requested size: 85.35826pt x 20.39078pt.


Package fancyhdr Warning: \headheight is too small (12.0pt): 
(fancyhdr)                Make it at least 28.99081pt, for example:
(fancyhdr)                \setlength{\headheight}{28.99081pt}.
(fancyhdr)                You might also make \topmargin smaller to compensate:

(fancyhdr)                \addtolength{\topmargin}{-16.99081pt}.

[38 <./images/efficiency_vs_inlet_VFR.png> <./images/inlet_VRF_vs_inlet_velocit
y.png>]
File: IDOM_blue_logo.png Graphic file (type png)
<use IDOM_blue_logo.png>
Package pdftex.def Info: IDOM_blue_logo.png  used on input line 319.
(pdftex.def)             Requested size: 85.35826pt x 20.39078pt.


Package fancyhdr Warning: \headheight is too small (12.0pt): 
(fancyhdr)                Make it at least 28.99081pt, for example:
(fancyhdr)                \setlength{\headheight}{28.99081pt}.
(fancyhdr)                You might also make \topmargin smaller to compensate:

(fancyhdr)                \addtolength{\topmargin}{-16.99081pt}.

[39 <./images/efficiency_vs_inlet_VFR_porcent.png> <./images/efficiency_vs_inle
t_VFR_relative.png>]
File: IDOM_blue_logo.png Graphic file (type png)
<use IDOM_blue_logo.png>
Package pdftex.def Info: IDOM_blue_logo.png  used on input line 376.
(pdftex.def)             Requested size: 85.35826pt x 20.39078pt.


Package fancyhdr Warning: \headheight is too small (12.0pt): 
(fancyhdr)                Make it at least 28.99081pt, for example:
(fancyhdr)                \setlength{\headheight}{28.99081pt}.
(fancyhdr)                You might also make \topmargin smaller to compensate:

(fancyhdr)                \addtolength{\topmargin}{-16.99081pt}.

[40]
<images/d_pc_Fe.png, id=696, 502.87875pt x 398.23781pt>
File: images/d_pc_Fe.png Graphic file (type png)
<use images/d_pc_Fe.png>
Package pdftex.def Info: images/d_pc_Fe.png  used on input line 387.
(pdftex.def)             Requested size: 223.07211pt x 176.65317pt.
<images/d_pc_Cr.png, id=697, 502.87875pt x 398.23781pt>
File: images/d_pc_Cr.png Graphic file (type png)
<use images/d_pc_Cr.png>
Package pdftex.def Info: images/d_pc_Cr.png  used on input line 393.
(pdftex.def)             Requested size: 223.07211pt x 176.65317pt.
<images/d_pc_AlN.png, id=698, 502.87875pt x 398.23781pt>
File: images/d_pc_AlN.png Graphic file (type png)
<use images/d_pc_AlN.png>
Package pdftex.def Info: images/d_pc_AlN.png  used on input line 399.
(pdftex.def)             Requested size: 223.07211pt x 176.65317pt.
File: IDOM_blue_logo.png Graphic file (type png)
<use IDOM_blue_logo.png>
Package pdftex.def Info: IDOM_blue_logo.png  used on input line 409.
(pdftex.def)             Requested size: 85.35826pt x 20.39078pt.


Package fancyhdr Warning: \headheight is too small (12.0pt): 
(fancyhdr)                Make it at least 28.99081pt, for example:
(fancyhdr)                \setlength{\headheight}{28.99081pt}.
(fancyhdr)                You might also make \topmargin smaller to compensate:

(fancyhdr)                \addtolength{\topmargin}{-16.99081pt}.

[41 <./images/d_pc_Fe.png> <./images/d_pc_Cr.png> <./images/d_pc_AlN.png>]
Overfull \hbox (6.66064pt too wide) in paragraph at lines 414--433
[][] 
 []

)
File: IDOM_blue_logo.png Graphic file (type png)
<use IDOM_blue_logo.png>
Package pdftex.def Info: IDOM_blue_logo.png  used on input line 393.
(pdftex.def)             Requested size: 85.35826pt x 20.39078pt.


Package fancyhdr Warning: \headheight is too small (12.0pt): 
(fancyhdr)                Make it at least 28.99081pt, for example:
(fancyhdr)                \setlength{\headheight}{28.99081pt}.
(fancyhdr)                You might also make \topmargin smaller to compensate:

(fancyhdr)                \addtolength{\topmargin}{-16.99081pt}.

[42]
File: IDOM_blue_logo.png Graphic file (type png)
<use IDOM_blue_logo.png>
Package pdftex.def Info: IDOM_blue_logo.png  used on input line 393.
(pdftex.def)             Requested size: 85.35826pt x 20.39078pt.


Package fancyhdr Warning: \headheight is too small (12.0pt): 
(fancyhdr)                Make it at least 28.99081pt, for example:
(fancyhdr)                \setlength{\headheight}{28.99081pt}.
(fancyhdr)                You might also make \topmargin smaller to compensate:

(fancyhdr)                \addtolength{\topmargin}{-16.99081pt}.

[43]
Underfull \hbox (badness 10000) in paragraph at lines 395--396

 []

<design_conceptual.png, id=723, 870.25125pt x 441.90094pt>
File: design_conceptual.png Graphic file (type png)
<use design_conceptual.png>
Package pdftex.def Info: design_conceptual.png  used on input line 403.
(pdftex.def)             Requested size: 455.24411pt x 231.17209pt.
File: IDOM_blue_logo.png Graphic file (type png)
<use IDOM_blue_logo.png>
Package pdftex.def Info: IDOM_blue_logo.png  used on input line 411.
(pdftex.def)             Requested size: 85.35826pt x 20.39078pt.

Package fancyhdr Warning: \headheight is too small (12.0pt): 
(fancyhdr)                Make it at least 28.99081pt, for example:
(fancyhdr)                \setlength{\headheight}{28.99081pt}.
(fancyhdr)                You might also make \topmargin smaller to compensate:

(fancyhdr)                \addtolength{\topmargin}{-16.99081pt}.

[44 <./design_conceptual.png>])
File: IDOM_blue_logo.png Graphic file (type png)
<use IDOM_blue_logo.png>
Package pdftex.def Info: IDOM_blue_logo.png  used on input line 371.
(pdftex.def)             Requested size: 85.35826pt x 20.39078pt.


Package fancyhdr Warning: \headheight is too small (12.0pt): 
(fancyhdr)                Make it at least 28.99081pt, for example:
(fancyhdr)                \setlength{\headheight}{28.99081pt}.
(fancyhdr)                You might also make \topmargin smaller to compensate:

(fancyhdr)                \addtolength{\topmargin}{-16.99081pt}.

[45]
Overfull \hbox (22.91861pt too wide) in paragraph at lines 376--376
\OT1/phv/m/n/10 THE LIFE-LITHIUM BLAN-KET: FY13 FI-NAL RE-PORT''. In: 2013. \OT
1/phv/m/sc/10 url\OT1/phv/m/n/10 : []$\OT1/cmtt/m/n/10 https : / / api . semant
icscholar .
 []

File: IDOM_blue_logo.png Graphic file (type png)
<use IDOM_blue_logo.png>
Package pdftex.def Info: IDOM_blue_logo.png  used on input line 374.
(pdftex.def)             Requested size: 85.35826pt x 20.39078pt.

Package fancyhdr Warning: \headheight is too small (12.0pt): 
(fancyhdr)                Make it at least 28.99081pt, for example:
(fancyhdr)                \setlength{\headheight}{28.99081pt}.
(fancyhdr)                You might also make \topmargin smaller to compensate:

(fancyhdr)                \addtolength{\topmargin}{-16.99081pt}.

[46]
File: IDOM_blue_logo.png Graphic file (type png)
<use IDOM_blue_logo.png>
Package pdftex.def Info: IDOM_blue_logo.png  used on input line 379.
(pdftex.def)             Requested size: 85.35826pt x 20.39078pt.


Package fancyhdr Warning: \headheight is too small (12.0pt): 
(fancyhdr)                Make it at least 28.99081pt, for example:
(fancyhdr)                \setlength{\headheight}{28.99081pt}.
(fancyhdr)                You might also make \topmargin smaller to compensate:

(fancyhdr)                \addtolength{\topmargin}{-16.99081pt}.

[47]
Underfull \hbox (badness 10000) in paragraph at lines 386--386
[]|\OT1/phv/b/n/10 Decanter
 []


Overfull \hbox (8.72398pt too wide) in paragraph at lines 386--386
[]|\OT1/phv/b/n/10 Hydrocyclone| 
 []


Overfull \hbox (3.5869pt too wide) in paragraph at lines 387--387
[]|\OT1/phv/m/n/10 yes/not| 
 []

File: IDOM_blue_logo.png Graphic file (type png)
<use IDOM_blue_logo.png>
Package pdftex.def Info: IDOM_blue_logo.png  used on input line 406.
(pdftex.def)             Requested size: 85.35826pt x 20.39078pt.

Package fancyhdr Warning: \headheight is too small (12.0pt): 
(fancyhdr)                Make it at least 28.99081pt, for example:
(fancyhdr)                \setlength{\headheight}{28.99081pt}.
(fancyhdr)                You might also make \topmargin smaller to compensate:

(fancyhdr)                \addtolength{\topmargin}{-16.99081pt}.

[48] 
enddocument/afterlastpage: lastpage setting LastPage.
(./idom_report.aux)
 ***********
LaTeX2e <2023-06-01> patch level 1
L3 programming layer <2023-08-11>
 ***********


LaTeX Warning: There were undefined references.


LaTeX Warning: There were multiply-defined labels.

Package rerunfilecheck Info: File `idom_report.out' has not changed.
(rerunfilecheck)             Checksum: A70940F7FD6255A50364F259BE383D5A;6351.

Package biblatex Warning: Please (re)run Biber on the file:
(biblatex)                idom_report
(biblatex)                and rerun LaTeX afterwards.

Package logreq Info: Writing requests to 'idom_report.run.xml'.
\openout1 = `idom_report.run.xml'.

 ) 
Here is how much of TeX's memory you used:
 38725 strings out of 475188
 773185 string characters out of 5767814
 1942248 words of memory out of 5000000
 59208 multiletter control sequences out of 15000+600000
 588957 words of font info for 87 fonts, out of 8000000 for 9000
 1141 hyphenation exceptions out of 8191
 102i,19n,107p,1160b,1741s stack positions out of 10000i,1000n,20000p,200000b,200000s

pdfTeX warning (dest): name{Hfootnote.3} has been referenced but does not exist
, replaced by a fixed one


pdfTeX warning (dest): name{Hfootnote.2} has been referenced but does not exist
, replaced by a fixed one


pdfTeX warning (dest): name{Hfootnote.1} has been referenced but does not exist
, replaced by a fixed one

<c:/texlive/2023/texmf-dist/fonts/type1/public/amsfonts/cm/cmex10.pfb><c:/texli
ve/2023/texmf-dist/fonts/type1/public/amsfonts/cm/cmmi10.pfb><c:/texlive/2023/t
exmf-dist/fonts/type1/public/amsfonts/cm/cmmi5.pfb><c:/texlive/2023/texmf-dist/
fonts/type1/public/amsfonts/cm/cmmi7.pfb><c:/texlive/2023/texmf-dist/fonts/type
1/public/amsfonts/cm/cmr10.pfb><c:/texlive/2023/texmf-dist/fonts/type1/public/a
msfonts/cm/cmr5.pfb><c:/texlive/2023/texmf-dist/fonts/type1/public/amsfonts/cm/
cmr7.pfb><c:/texlive/2023/texmf-dist/fonts/type1/public/amsfonts/cm/cmsy10.pfb>
<c:/texlive/2023/texmf-dist/fonts/type1/public/amsfonts/cm/cmsy7.pfb><c:/texliv
e/2023/texmf-dist/fonts/type1/public/amsfonts/cm/cmtt10.pfb><c:/texlive/2023/te
xmf-dist/fonts/type1/urw/helvetic/uhvb8a.pfb><c:/texlive/2023/texmf-dist/fonts/
type1/urw/helvetic/uhvbo8a.pfb><c:/texlive/2023/texmf-dist/fonts/type1/urw/helv
etic/uhvr8a.pfb><c:/texlive/2023/texmf-dist/fonts/type1/urw/helvetic/uhvro8a.pf
b>
Output written on idom_report.pdf (48 pages, 2115526 bytes).
PDF statistics:
 876 PDF objects out of 1000 (max. 8388607)
 717 compressed objects within 8 object streams
 172 named destinations out of 1000 (max. 500000)
 568 words of extra memory for PDF output out of 10000 (max. 10000000)

